#
# There is insufficient memory for the Java Runtime Environment to continue.
# Native memory allocation (malloc) failed to allocate 248336 bytes. Error detail: Chunk::new
# Possible reasons:
#   The system is out of physical RAM or swap space
#   This process is running with CompressedOops enabled, and the Java Heap may be blocking the growth of the native heap
# Possible solutions:
#   Reduce memory load on the system
#   Increase physical memory or swap space
#   Check if swap backing store is full
#   Decrease Java heap size (-Xmx/-Xms)
#   Decrease number of Java threads
#   Decrease Java thread stack sizes (-Xss)
#   Set larger code cache with -XX:ReservedCodeCacheSize=
#   JVM is running with Unscaled Compressed Oops mode in which the Java heap is
#     placed in the first 4GB address space. The Java Heap base address is the
#     maximum limit for the native heap growth. Please use -XX:HeapBaseMinAddress
#     to set the Java Heap base and to place the Java Heap above 4GB virtual address.
# This output file may be truncated or incomplete.
#
#  Out of Memory Error (arena.cpp:168), pid=28572, tid=30264
#
# JRE version: OpenJDK Runtime Environment Temurin-21.0.7+6 (21.0.7+6) (build 21.0.7+6-LTS)
# Java VM: OpenJDK 64-Bit Server VM Temurin-21.0.7+6 (21.0.7+6-LTS, mixed mode, sharing, tiered, compressed oops, compressed class ptrs, parallel gc, windows-amd64)
# No core dump will be written. Minidumps are not enabled by default on client versions of Windows
#

---------------  S U M M A R Y ------------

Command Line: --add-modules=ALL-SYSTEM --add-opens=java.base/java.util=ALL-UNNAMED --add-opens=java.base/java.lang=ALL-UNNAMED --add-opens=java.base/sun.nio.fs=ALL-UNNAMED -Declipse.application=org.eclipse.jdt.ls.core.id1 -Dosgi.bundles.defaultStartLevel=4 -Declipse.product=org.eclipse.jdt.ls.core.product -Djava.import.generatesMetadataFilesAtProjectRoot=false -DDetectVMInstallationsJob.disabled=true -Dfile.encoding=utf8 -XX:+UseParallelGC -XX:GCTimeRatio=4 -XX:AdaptiveSizePolicyWeight=90 -Dsun.zip.disableMemoryMapping=true -Xmx2G -Xms100m -Xlog:disable -javaagent:c:\Users\Miguel Rabih\.vscode\extensions\redhat.java-1.43.0-win32-x64\lombok\lombok-1.18.39-4050.jar c:\Users\Miguel Rabih\.vscode\extensions\redhat.java-1.43.0-win32-x64\server\plugins\org.eclipse.equinox.launcher_1.7.0.v20250519-0528.jar -configuration c:\Users\Miguel Rabih\AppData\Roaming\Code\User\globalStorage\redhat.java\1.43.0\config_ss_win -data c:\Users\Miguel Rabih\AppData\Roaming\Code\User\workspaceStorage\2e46618f7a6ea3a8ced0a60350da7f92\redhat.java\ss_ws --pipe=\\.\pipe\lsp-e8a9b83fb543b3d2671c56fa94800d15-sock

Host: AMD Ryzen 5 7520U with Radeon Graphics         , 8 cores, 5G,  Windows 11 , 64 bit Build 22621 (10.0.22621.5262)
Time: Fri Jun 27 16:46:25 2025 Hora est. Pacífico, Sudamérica elapsed time: 1.202626 seconds (0d 0h 0m 1s)

---------------  T H R E A D  ---------------

Current thread (0x0000017a5a687ce0):  JavaThread "C2 CompilerThread0" daemon [_thread_in_native, id=30264, stack(0x0000004d70500000,0x0000004d70600000) (1024K)]


Current CompileTask:
C2:1202 1052   !   4       java.util.jar.Attributes::read (494 bytes)

Stack: [0x0000004d70500000,0x0000004d70600000]
Native frames: (J=compiled Java code, j=interpreted, Vv=VM code, C=native code)
V  [jvm.dll+0x6ce119]
V  [jvm.dll+0x8a84a1]
V  [jvm.dll+0x8aa9ce]
V  [jvm.dll+0x8ab0b3]
V  [jvm.dll+0x27f8a6]
V  [jvm.dll+0xc507d]
V  [jvm.dll+0xc55b3]
V  [jvm.dll+0x2f2c6d]
V  [jvm.dll+0x5f6bca]
V  [jvm.dll+0x250cb2]
V  [jvm.dll+0x24975f]
V  [jvm.dll+0x246fc4]
V  [jvm.dll+0x1c760e]
V  [jvm.dll+0x25695a]
V  [jvm.dll+0x254efa]
V  [jvm.dll+0x3f03f6]
V  [jvm.dll+0x851f6b]
V  [jvm.dll+0x6cc7dd]
C  [ucrtbase.dll+0x29333]
C  [KERNEL32.DLL+0x1259d]
C  [ntdll.dll+0x5af58]


---------------  P R O C E S S  ---------------

Threads class SMR info:
_java_thread_list=0x0000017a60233350, length=11, elements={
0x0000017a43c0ddf0, 0x0000017a43cc9dc0, 0x0000017a43ccbcd0, 0x0000017a5a674b80,
0x0000017a5a676b40, 0x0000017a5a679f90, 0x0000017a5a67b3d0, 0x0000017a5a687ce0,
0x0000017a60062350, 0x0000017a600d0140, 0x0000017a60314580
}

Java Threads: ( => current thread )
  0x0000017a43c0ddf0 JavaThread "main"                              [_thread_in_Java, id=23496, stack(0x0000004d6fb00000,0x0000004d6fc00000) (1024K)]
  0x0000017a43cc9dc0 JavaThread "Reference Handler"          daemon [_thread_blocked, id=30516, stack(0x0000004d6ff00000,0x0000004d70000000) (1024K)]
  0x0000017a43ccbcd0 JavaThread "Finalizer"                  daemon [_thread_blocked, id=5784, stack(0x0000004d70000000,0x0000004d70100000) (1024K)]
  0x0000017a5a674b80 JavaThread "Signal Dispatcher"          daemon [_thread_blocked, id=30924, stack(0x0000004d70100000,0x0000004d70200000) (1024K)]
  0x0000017a5a676b40 JavaThread "Attach Listener"            daemon [_thread_blocked, id=2912, stack(0x0000004d70200000,0x0000004d70300000) (1024K)]
  0x0000017a5a679f90 JavaThread "Service Thread"             daemon [_thread_blocked, id=25812, stack(0x0000004d70300000,0x0000004d70400000) (1024K)]
  0x0000017a5a67b3d0 JavaThread "Monitor Deflation Thread"   daemon [_thread_blocked, id=9680, stack(0x0000004d70400000,0x0000004d70500000) (1024K)]
=>0x0000017a5a687ce0 JavaThread "C2 CompilerThread0"         daemon [_thread_in_native, id=30264, stack(0x0000004d70500000,0x0000004d70600000) (1024K)]
  0x0000017a60062350 JavaThread "C1 CompilerThread0"         daemon [_thread_blocked, id=3796, stack(0x0000004d70600000,0x0000004d70700000) (1024K)]
  0x0000017a600d0140 JavaThread "Common-Cleaner"             daemon [_thread_blocked, id=10004, stack(0x0000004d70700000,0x0000004d70800000) (1024K)]
  0x0000017a60314580 JavaThread "Notification Thread"        daemon [_thread_blocked, id=30964, stack(0x0000004d70800000,0x0000004d70900000) (1024K)]
Total: 11

Other Threads:
  0x0000017a5a673520 VMThread "VM Thread"                           [id=3816, stack(0x0000004d6fe00000,0x0000004d6ff00000) (1024K)]
  0x0000017a43c7a040 WatcherThread "VM Periodic Task Thread"        [id=2616, stack(0x0000004d6fd00000,0x0000004d6fe00000) (1024K)]
  0x0000017a43c2cc80 WorkerThread "GC Thread#0"                     [id=7520, stack(0x0000004d6fc00000,0x0000004d6fd00000) (1024K)]
  0x0000017a60784af0 WorkerThread "GC Thread#1"                     [id=10980, stack(0x0000004d70900000,0x0000004d70a00000) (1024K)]
  0x0000017a607841a0 WorkerThread "GC Thread#2"                     [id=9012, stack(0x0000004d70a00000,0x0000004d70b00000) (1024K)]
  0x0000017a6057b660 WorkerThread "GC Thread#3"                     [id=9116, stack(0x0000004d70b00000,0x0000004d70c00000) (1024K)]
  0x0000017a6057ba00 WorkerThread "GC Thread#4"                     [id=29576, stack(0x0000004d70c00000,0x0000004d70d00000) (1024K)]
  0x0000017a6057bda0 WorkerThread "GC Thread#5"                     [id=22464, stack(0x0000004d70d00000,0x0000004d70e00000) (1024K)]
  0x0000017a606bffd0 WorkerThread "GC Thread#6"                     [id=16856, stack(0x0000004d70e00000,0x0000004d70f00000) (1024K)]
Total: 9

Threads with active compile tasks:
C2 CompilerThread0  1219 1052   !   4       java.util.jar.Attributes::read (494 bytes)
Total: 1

VM state: not at safepoint (normal execution)

VM Mutex/Monitor currently owned by a thread: None

Heap address: 0x0000000080000000, size: 2048 MB, Compressed Oops mode: 32-bit

CDS archive(s) mapped at: [0x0000017a00000000-0x0000017a00ba0000-0x0000017a00ba0000), size 12189696, SharedBaseAddress: 0x0000017a00000000, ArchiveRelocationMode: 1.
Compressed class space mapped at: 0x0000017a01000000-0x0000017a41000000, reserved size: 1073741824
Narrow klass base: 0x0000017a00000000, Narrow klass shift: 0, Narrow klass range: 0x100000000

GC Precious Log:
 CardTable entry size: 512
 CPUs: 8 total, 8 available
 Memory: 5965M
 Large Page Support: Disabled
 NUMA Support: Disabled
 Compressed Oops: Enabled (32-bit)
 Alignments: Space 512K, Generation 512K, Heap 2M
 Heap Min Capacity: 100M
 Heap Initial Capacity: 100M
 Heap Max Capacity: 2G
 Pre-touch: Disabled
 Parallel Workers: 8

Heap:
 PSYoungGen      total 29696K, used 4569K [0x00000000d5580000, 0x00000000d7680000, 0x0000000100000000)
  eden space 25600K, 4% used [0x00000000d5580000,0x00000000d56bc9f8,0x00000000d6e80000)
  from space 4096K, 80% used [0x00000000d6e80000,0x00000000d71b9c68,0x00000000d7280000)
  to   space 4096K, 0% used [0x00000000d7280000,0x00000000d7280000,0x00000000d7680000)
 ParOldGen       total 68608K, used 16K [0x0000000080000000, 0x0000000084300000, 0x00000000d5580000)
  object space 68608K, 0% used [0x0000000080000000,0x0000000080004000,0x0000000084300000)
 Metaspace       used 4357K, committed 4608K, reserved 1114112K
  class space    used 459K, committed 576K, reserved 1048576K

Card table byte_map: [0x0000017a435e0000,0x0000017a439f0000] _byte_map_base: 0x0000017a431e0000

Marking Bits: (ParMarkBitMap*) 0x00007ffb2e0131f0
 Begin Bits: [0x0000017a560b0000, 0x0000017a580b0000)
 End Bits:   [0x0000017a580b0000, 0x0000017a5a0b0000)

Polling page: 0x0000017a433d0000

Metaspace:

Usage:
  Non-class:      3.81 MB used.
      Class:    459.57 KB used.
       Both:      4.26 MB used.

Virtual space:
  Non-class space:       64.00 MB reserved,       3.94 MB (  6%) committed,  1 nodes.
      Class space:        1.00 GB reserved,     576.00 KB ( <1%) committed,  1 nodes.
             Both:        1.06 GB reserved,       4.50 MB ( <1%) committed. 

Chunk freelists:
   Non-Class:  11.14 MB
       Class:  15.44 MB
        Both:  26.58 MB

MaxMetaspaceSize: unlimited
CompressedClassSpaceSize: 1.00 GB
Initial GC threshold: 21.00 MB
Current GC threshold: 21.00 MB
CDS: on
 - commit_granule_bytes: 65536.
 - commit_granule_words: 8192.
 - virtual_space_node_default_size: 8388608.
 - enlarge_chunks_in_place: 1.
 - use_allocation_guard: 0.


Internal statistics:

num_allocs_failed_limit: 0.
num_arena_births: 184.
num_arena_deaths: 0.
num_vsnodes_births: 2.
num_vsnodes_deaths: 0.
num_space_committed: 72.
num_space_uncommitted: 0.
num_chunks_returned_to_freelist: 0.
num_chunks_taken_from_freelist: 249.
num_chunk_merges: 0.
num_chunk_splits: 158.
num_chunks_enlarged: 94.
num_inconsistent_stats: 0.

CodeHeap 'non-profiled nmethods': size=120000Kb used=375Kb max_used=375Kb free=119624Kb
 bounds [0x0000017a4e8d0000, 0x0000017a4eb40000, 0x0000017a55e00000]
CodeHeap 'profiled nmethods': size=120000Kb used=1789Kb max_used=1789Kb free=118211Kb
 bounds [0x0000017a46e00000, 0x0000017a47070000, 0x0000017a4e330000]
CodeHeap 'non-nmethods': size=5760Kb used=1192Kb max_used=1206Kb free=4567Kb
 bounds [0x0000017a4e330000, 0x0000017a4e5a0000, 0x0000017a4e8d0000]
 total_blobs=1539 nmethods=1084 adapters=362
 compilation: enabled
              stopped_count=0, restarted_count=0
 full_count=0

Compilation events (20 events):
Event: 1.180 Thread 0x0000017a60062350 1080       3       java.util.regex.ASCII::toLower (16 bytes)
Event: 1.180 Thread 0x0000017a60062350 nmethod 1080 0x0000017a46fb9110 code [0x0000017a46fb92c0, 0x0000017a46fb94b0]
Event: 1.180 Thread 0x0000017a60062350 1081       3       java.util.regex.ASCII::isUpper (18 bytes)
Event: 1.180 Thread 0x0000017a60062350 nmethod 1081 0x0000017a46fb9590 code [0x0000017a46fb9720, 0x0000017a46fb9870]
Event: 1.182 Thread 0x0000017a60062350 1082       3       org.eclipse.osgi.internal.util.Tokenizer::skipWhiteSpace (58 bytes)
Event: 1.182 Thread 0x0000017a60062350 nmethod 1082 0x0000017a46fb9910 code [0x0000017a46fb9ac0, 0x0000017a46fb9d70]
Event: 1.182 Thread 0x0000017a60062350 1083       1       java.util.concurrent.locks.AbstractOwnableSynchronizer::setExclusiveOwnerThread (6 bytes)
Event: 1.182 Thread 0x0000017a60062350 nmethod 1083 0x0000017a4e92c310 code [0x0000017a4e92c4a0, 0x0000017a4e92c580]
Event: 1.182 Thread 0x0000017a60062350 1084       3       java.util.AbstractCollection::addAll (42 bytes)
Event: 1.183 Thread 0x0000017a60062350 nmethod 1084 0x0000017a46fb9e90 code [0x0000017a46fba080, 0x0000017a46fba5a0]
Event: 1.187 Thread 0x0000017a60062350 1085   !   3       jdk.internal.loader.BuiltinClassLoader::loadClassOrNull (143 bytes)
Event: 1.188 Thread 0x0000017a60062350 nmethod 1085 0x0000017a46fba710 code [0x0000017a46fba9e0, 0x0000017a46fbb900]
Event: 1.190 Thread 0x0000017a60062350 1086       3       java.util.ArrayDeque::elementAt (4 bytes)
Event: 1.190 Thread 0x0000017a60062350 nmethod 1086 0x0000017a46fbbf90 code [0x0000017a46fbc120, 0x0000017a46fbc238]
Event: 1.192 Thread 0x0000017a60062350 1087       3       jdk.internal.loader.BuiltinClassLoader::loadClass (22 bytes)
Event: 1.192 Thread 0x0000017a60062350 nmethod 1087 0x0000017a46fbc310 code [0x0000017a46fbc4e0, 0x0000017a46fbc798]
Event: 1.194 Thread 0x0000017a60062350 1088       3       java.util.ArrayDeque::pollFirst (36 bytes)
Event: 1.195 Thread 0x0000017a60062350 nmethod 1088 0x0000017a46fbc890 code [0x0000017a46fbca60, 0x0000017a46fbce10]
Event: 1.197 Thread 0x0000017a60062350 1089       3       java.lang.Object::toString (36 bytes)
Event: 1.197 Thread 0x0000017a60062350 nmethod 1089 0x0000017a46fbcf90 code [0x0000017a46fbd200, 0x0000017a46fbd9e8]

GC Heap History (1 events):
Event: 1.198 GC heap before
{Heap before GC invocations=1 (full 0):
 PSYoungGen      total 29696K, used 25600K [0x00000000d5580000, 0x00000000d7680000, 0x0000000100000000)
  eden space 25600K, 100% used [0x00000000d5580000,0x00000000d6e80000,0x00000000d6e80000)
  from space 4096K, 0% used [0x00000000d7280000,0x00000000d7280000,0x00000000d7680000)
  to   space 4096K, 0% used [0x00000000d6e80000,0x00000000d6e80000,0x00000000d7280000)
 ParOldGen       total 68608K, used 0K [0x0000000080000000, 0x0000000084300000, 0x00000000d5580000)
  object space 68608K, 0% used [0x0000000080000000,0x0000000080000000,0x0000000084300000)
 Metaspace       used 4288K, committed 4544K, reserved 1114112K
  class space    used 455K, committed 576K, reserved 1048576K
}

Dll operation events (8 events):
Event: 0.028 Loaded shared library c:\Users\Miguel Rabih\.vscode\extensions\redhat.java-1.43.0-win32-x64\jre\21.0.7-win32-x86_64\bin\java.dll
Event: 0.168 Loaded shared library c:\Users\Miguel Rabih\.vscode\extensions\redhat.java-1.43.0-win32-x64\jre\21.0.7-win32-x86_64\bin\zip.dll
Event: 0.198 Loaded shared library C:\Users\Miguel Rabih\.vscode\extensions\redhat.java-1.43.0-win32-x64\jre\21.0.7-win32-x86_64\bin\instrument.dll
Event: 0.206 Loaded shared library C:\Users\Miguel Rabih\.vscode\extensions\redhat.java-1.43.0-win32-x64\jre\21.0.7-win32-x86_64\bin\net.dll
Event: 0.212 Loaded shared library C:\Users\Miguel Rabih\.vscode\extensions\redhat.java-1.43.0-win32-x64\jre\21.0.7-win32-x86_64\bin\nio.dll
Event: 0.218 Loaded shared library C:\Users\Miguel Rabih\.vscode\extensions\redhat.java-1.43.0-win32-x64\jre\21.0.7-win32-x86_64\bin\zip.dll
Event: 0.244 Loaded shared library C:\Users\Miguel Rabih\.vscode\extensions\redhat.java-1.43.0-win32-x64\jre\21.0.7-win32-x86_64\bin\jimage.dll
Event: 0.357 Loaded shared library c:\Users\Miguel Rabih\.vscode\extensions\redhat.java-1.43.0-win32-x64\jre\21.0.7-win32-x86_64\bin\verify.dll

Deoptimization events (20 events):
Event: 1.149 Thread 0x0000017a43c0ddf0 DEOPT PACKING pc=0x0000017a46f7e1b1 sp=0x0000004d6fbfe310
Event: 1.149 Thread 0x0000017a43c0ddf0 DEOPT UNPACKING pc=0x0000017a4e384242 sp=0x0000004d6fbfd788 mode 0
Event: 1.150 Thread 0x0000017a43c0ddf0 DEOPT PACKING pc=0x0000017a46f7e1b1 sp=0x0000004d6fbfe310
Event: 1.150 Thread 0x0000017a43c0ddf0 DEOPT UNPACKING pc=0x0000017a4e384242 sp=0x0000004d6fbfd788 mode 0
Event: 1.151 Thread 0x0000017a43c0ddf0 DEOPT PACKING pc=0x0000017a46f7e1b1 sp=0x0000004d6fbfe310
Event: 1.151 Thread 0x0000017a43c0ddf0 DEOPT UNPACKING pc=0x0000017a4e384242 sp=0x0000004d6fbfd788 mode 0
Event: 1.151 Thread 0x0000017a43c0ddf0 DEOPT PACKING pc=0x0000017a46f7e1b1 sp=0x0000004d6fbfe310
Event: 1.151 Thread 0x0000017a43c0ddf0 DEOPT UNPACKING pc=0x0000017a4e384242 sp=0x0000004d6fbfd788 mode 0
Event: 1.151 Thread 0x0000017a43c0ddf0 DEOPT PACKING pc=0x0000017a46f7e1b1 sp=0x0000004d6fbfe310
Event: 1.151 Thread 0x0000017a43c0ddf0 DEOPT UNPACKING pc=0x0000017a4e384242 sp=0x0000004d6fbfd788 mode 0
Event: 1.151 Thread 0x0000017a43c0ddf0 DEOPT PACKING pc=0x0000017a46f7e1b1 sp=0x0000004d6fbfe310
Event: 1.151 Thread 0x0000017a43c0ddf0 DEOPT UNPACKING pc=0x0000017a4e384242 sp=0x0000004d6fbfd788 mode 0
Event: 1.151 Thread 0x0000017a43c0ddf0 DEOPT PACKING pc=0x0000017a46f7e1b1 sp=0x0000004d6fbfe310
Event: 1.151 Thread 0x0000017a43c0ddf0 DEOPT UNPACKING pc=0x0000017a4e384242 sp=0x0000004d6fbfd788 mode 0
Event: 1.152 Thread 0x0000017a43c0ddf0 DEOPT PACKING pc=0x0000017a46f7e1b1 sp=0x0000004d6fbfe310
Event: 1.152 Thread 0x0000017a43c0ddf0 DEOPT UNPACKING pc=0x0000017a4e384242 sp=0x0000004d6fbfd788 mode 0
Event: 1.167 Thread 0x0000017a43c0ddf0 Uncommon trap: trap_request=0xffffff6e fr.pc=0x0000017a4e926b1c relative=0x00000000000001fc
Event: 1.167 Thread 0x0000017a43c0ddf0 Uncommon trap: reason=loop_limit_check action=maybe_recompile pc=0x0000017a4e926b1c method=java.math.BigInteger.implMulAdd([I[IIII)I @ 26 c2
Event: 1.167 Thread 0x0000017a43c0ddf0 DEOPT PACKING pc=0x0000017a4e926b1c sp=0x0000004d6fbfd740
Event: 1.167 Thread 0x0000017a43c0ddf0 DEOPT UNPACKING pc=0x0000017a4e383aa2 sp=0x0000004d6fbfd690 mode 2

Classes loaded (20 events):
Event: 1.159 Loading class jdk/internal/logger/LazyLoggers$LazyLoggerWrapper done
Event: 1.159 Loading class jdk/internal/logger/LazyLoggers$JdkLazyLogger done
Event: 1.159 Loading class jdk/internal/logger/LazyLoggers$LazyLoggerAccessor
Event: 1.159 Loading class jdk/internal/logger/LazyLoggers$LoggerAccessor
Event: 1.160 Loading class jdk/internal/logger/LazyLoggers$LoggerAccessor done
Event: 1.160 Loading class jdk/internal/logger/LazyLoggers$LazyLoggerAccessor done
Event: 1.160 Loading class jdk/internal/logger/SurrogateLogger
Event: 1.161 Loading class jdk/internal/logger/SimpleConsoleLogger
Event: 1.161 Loading class sun/util/logging/PlatformLogger$ConfigurableBridge$LoggerConfiguration
Event: 1.161 Loading class sun/util/logging/PlatformLogger$ConfigurableBridge$LoggerConfiguration done
Event: 1.161 Loading class jdk/internal/logger/SimpleConsoleLogger done
Event: 1.161 Loading class jdk/internal/logger/SurrogateLogger done
Event: 1.161 Loading class sun/util/logging/PlatformLogger
Event: 1.162 Loading class sun/util/logging/PlatformLogger done
Event: 1.162 Loading class sun/util/logging/PlatformLogger$Level
Event: 1.162 Loading class sun/util/logging/PlatformLogger$Level done
Event: 1.178 Loading class java/io/BufferedReader
Event: 1.178 Loading class java/io/BufferedReader done
Event: 1.179 Loading class sun/nio/cs/StreamDecoder
Event: 1.179 Loading class sun/nio/cs/StreamDecoder done

Classes unloaded (0 events):
No events

Classes redefined (0 events):
No events

Internal exceptions (20 events):
Event: 0.298 Thread 0x0000017a43c0ddf0 Exception <a 'java/lang/NoSuchMethodError'{0x00000000d59f0738}: 'int java.lang.invoke.DirectMethodHandle$Holder.invokeSpecial(java.lang.Object, java.lang.Object, java.lang.Object)'> (0x00000000d59f0738) 
thrown [s\src\hotspot\share\interpreter\linkResolver.cpp, line 773]
Event: 0.306 Thread 0x0000017a43c0ddf0 Exception <a 'java/lang/NoSuchMethodError'{0x00000000d5a09428}: 'java.lang.Object java.lang.invoke.DirectMethodHandle$Holder.invokeStatic(java.lang.Object, java.lang.Object, int)'> (0x00000000d5a09428) 
thrown [s\src\hotspot\share\interpreter\linkResolver.cpp, line 773]
Event: 0.307 Thread 0x0000017a43c0ddf0 Exception <a 'java/lang/NoSuchMethodError'{0x00000000d5a0dd78}: 'void java.lang.invoke.DirectMethodHandle$Holder.invokeStatic(java.lang.Object, java.lang.Object, int, java.lang.Object)'> (0x00000000d5a0dd78) 
thrown [s\src\hotspot\share\interpreter\linkResolver.cpp, line 773]
Event: 0.308 Thread 0x0000017a43c0ddf0 Exception <a 'java/lang/NoSuchMethodError'{0x00000000d5a11c38}: 'void java.lang.invoke.DirectMethodHandle$Holder.invokeSpecial(java.lang.Object, java.lang.Object, java.lang.Object, int, java.lang.Object)'> (0x00000000d5a11c38) 
thrown [s\src\hotspot\share\interpreter\linkResolver.cpp, line 773]
Event: 0.309 Thread 0x0000017a43c0ddf0 Exception <a 'java/lang/NoSuchMethodError'{0x00000000d5a150a8}: 'void java.lang.invoke.DelegatingMethodHandle$Holder.delegate(java.lang.Object, java.lang.Object, int, java.lang.Object)'> (0x00000000d5a150a8) 
thrown [s\src\hotspot\share\interpreter\linkResolver.cpp, line 773]
Event: 0.401 Thread 0x0000017a43c0ddf0 Exception <a 'java/lang/NoSuchMethodError'{0x00000000d5be2990}: 'void java.lang.invoke.DelegatingMethodHandle$Holder.reinvoke_L(java.lang.Object, java.lang.Object, java.lang.Object, int)'> (0x00000000d5be2990) 
thrown [s\src\hotspot\share\interpreter\linkResolver.cpp, line 773]
Event: 0.638 Thread 0x0000017a43c0ddf0 Exception <a 'java/lang/NoSuchMethodError'{0x00000000d607ce40}: 'void java.lang.invoke.DirectMethodHandle$Holder.invokeVirtual(java.lang.Object, java.lang.Object)'> (0x00000000d607ce40) 
thrown [s\src\hotspot\share\interpreter\linkResolver.cpp, line 773]
Event: 0.795 Thread 0x0000017a43c0ddf0 Exception <a 'java/lang/NoSuchMethodError'{0x00000000d645a310}: 'void java.lang.invoke.DirectMethodHandle$Holder.invokeStatic(java.lang.Object, java.lang.Object)'> (0x00000000d645a310) 
thrown [s\src\hotspot\share\interpreter\linkResolver.cpp, line 773]
Event: 0.813 Thread 0x0000017a43c0ddf0 Exception <a 'java/lang/ClassNotFoundException'{0x00000000d6482498}: sun/net/www/protocol/c/Handler> (0x00000000d6482498) 
thrown [s\src\hotspot\share\classfile\systemDictionary.cpp, line 312]
Event: 0.840 Thread 0x0000017a43c0ddf0 Exception <a 'java/io/FileNotFoundException'{0x00000000d64dc6c8}> (0x00000000d64dc6c8) 
thrown [s\src\hotspot\share\prims\jni.cpp, line 520]
Event: 0.841 Thread 0x0000017a43c0ddf0 Exception <a 'java/io/FileNotFoundException'{0x00000000d64ddab8}> (0x00000000d64ddab8) 
thrown [s\src\hotspot\share\prims\jni.cpp, line 520]
Event: 0.841 Thread 0x0000017a43c0ddf0 Exception <a 'java/io/FileNotFoundException'{0x00000000d64de7b8}> (0x00000000d64de7b8) 
thrown [s\src\hotspot\share\prims\jni.cpp, line 520]
Event: 0.842 Thread 0x0000017a43c0ddf0 Exception <a 'java/io/FileNotFoundException'{0x00000000d64df370}> (0x00000000d64df370) 
thrown [s\src\hotspot\share\prims\jni.cpp, line 520]
Event: 0.847 Thread 0x0000017a43c0ddf0 Implicit null exception at 0x0000017a4e9029a4 to 0x0000017a4e902f38
Event: 0.850 Thread 0x0000017a43c0ddf0 Exception <a 'java/io/FileNotFoundException'{0x00000000d6519590}> (0x00000000d6519590) 
thrown [s\src\hotspot\share\prims\jni.cpp, line 520]
Event: 0.864 Thread 0x0000017a43c0ddf0 Exception <a 'java/lang/NoSuchMethodError'{0x00000000d6555528}: 'java.lang.Object java.lang.invoke.DirectMethodHandle$Holder.invokeInterface(java.lang.Object, java.lang.Object)'> (0x00000000d6555528) 
thrown [s\src\hotspot\share\interpreter\linkResolver.cpp, line 773]
Event: 0.870 Thread 0x0000017a43c0ddf0 Exception <a 'java/lang/NoSuchMethodError'{0x00000000d6569058}: 'java.lang.Object java.lang.invoke.Invokers$Holder.invokeExact_MT(java.lang.Object, java.lang.Object, java.lang.Object, java.lang.Object, java.lang.Object, java.lang.Object)'> (0x00000000d6569058) 
thrown [s\src\hotspot\share\interpreter\linkResolver.cpp, line 773]
Event: 0.880 Thread 0x0000017a43c0ddf0 Exception <a 'java/lang/NoSuchMethodError'{0x00000000d65802b0}: 'int java.lang.invoke.DirectMethodHandle$Holder.invokeStatic(java.lang.Object, java.lang.Object, java.lang.Object, java.lang.Object, java.lang.Object)'> (0x00000000d65802b0) 
thrown [s\src\hotspot\share\interpreter\linkResolver.cpp, line 773]
Event: 0.934 Thread 0x0000017a43c0ddf0 Exception <a 'java/lang/NoSuchMethodError'{0x00000000d66161c8}: 'java.lang.Object java.lang.invoke.DirectMethodHandle$Holder.invokeInterface(java.lang.Object, java.lang.Object, int)'> (0x00000000d66161c8) 
thrown [s\src\hotspot\share\interpreter\linkResolver.cpp, line 773]
Event: 1.111 Thread 0x0000017a43c0ddf0 Exception <a 'java/lang/NoSuchMethodError'{0x00000000d6a94dc8}: 'java.lang.ClassLoader java.lang.ClassLoader.getPlatformClassLoader(java.lang.Class)'> (0x00000000d6a94dc8) 
thrown [s\src\hotspot\share\interpreter\linkResolver.cpp, line 773]

ZGC Phase Switch (0 events):
No events

VM Operations (7 events):
Event: 0.167 Executing VM operation: HandshakeAllThreads (Deoptimize)
Event: 0.167 Executing VM operation: HandshakeAllThreads (Deoptimize) done
Event: 0.262 Executing VM operation: HandshakeAllThreads (Deoptimize)
Event: 0.262 Executing VM operation: HandshakeAllThreads (Deoptimize) done
Event: 0.770 Executing VM operation: HandshakeAllThreads (Deoptimize)
Event: 0.770 Executing VM operation: HandshakeAllThreads (Deoptimize) done
Event: 1.198 Executing VM operation: ParallelGCFailedAllocation (Allocation Failure)

Memory protections (0 events):
No events

Nmethod flushes (0 events):
No events

Events (11 events):
Event: 0.052 Thread 0x0000017a43c0ddf0 Thread added: 0x0000017a43c0ddf0
Event: 0.074 Thread 0x0000017a43c0ddf0 Thread added: 0x0000017a43cc9dc0
Event: 0.075 Thread 0x0000017a43c0ddf0 Thread added: 0x0000017a43ccbcd0
Event: 0.075 Thread 0x0000017a43c0ddf0 Thread added: 0x0000017a5a674b80
Event: 0.075 Thread 0x0000017a43c0ddf0 Thread added: 0x0000017a5a676b40
Event: 0.076 Thread 0x0000017a43c0ddf0 Thread added: 0x0000017a5a679f90
Event: 0.076 Thread 0x0000017a43c0ddf0 Thread added: 0x0000017a5a67b3d0
Event: 0.076 Thread 0x0000017a43c0ddf0 Thread added: 0x0000017a5a687ce0
Event: 0.098 Thread 0x0000017a43c0ddf0 Thread added: 0x0000017a60062350
Event: 0.136 Thread 0x0000017a43c0ddf0 Thread added: 0x0000017a600d0140
Event: 0.511 Thread 0x0000017a43c0ddf0 Thread added: 0x0000017a60314580


Dynamic libraries:
0x00007ff737380000 - 0x00007ff73738e000 	c:\Users\Miguel Rabih\.vscode\extensions\redhat.java-1.43.0-win32-x64\jre\21.0.7-win32-x86_64\bin\java.exe
0x00007ffb8ae30000 - 0x00007ffb8b047000 	C:\Windows\SYSTEM32\ntdll.dll
0x00007ffb89370000 - 0x00007ffb89434000 	C:\Windows\System32\KERNEL32.DLL
0x00007ffb87fa0000 - 0x00007ffb88373000 	C:\Windows\System32\KERNELBASE.dll
0x00007ffb888e0000 - 0x00007ffb889f1000 	C:\Windows\System32\ucrtbase.dll
0x00007ffb7f2b0000 - 0x00007ffb7f2c8000 	c:\Users\Miguel Rabih\.vscode\extensions\redhat.java-1.43.0-win32-x64\jre\21.0.7-win32-x86_64\bin\jli.dll
0x00007ffb89f60000 - 0x00007ffb8a111000 	C:\Windows\System32\USER32.dll
0x00007ffb88610000 - 0x00007ffb88636000 	C:\Windows\System32\win32u.dll
0x00007ffb89260000 - 0x00007ffb89289000 	C:\Windows\System32\GDI32.dll
0x00007ffb887b0000 - 0x00007ffb888d2000 	C:\Windows\System32\gdi32full.dll
0x00007ffb88570000 - 0x00007ffb8860a000 	C:\Windows\System32\msvcp_win.dll
0x00007ffb6f240000 - 0x00007ffb6f25e000 	c:\Users\Miguel Rabih\.vscode\extensions\redhat.java-1.43.0-win32-x64\jre\21.0.7-win32-x86_64\bin\VCRUNTIME140.dll
0x00007ffb70f00000 - 0x00007ffb7119b000 	C:\Windows\WinSxS\amd64_microsoft.windows.common-controls_6595b64144ccf1df_6.0.22621.5262_none_2712bde373830908\COMCTL32.dll
0x00007ffb88d50000 - 0x00007ffb88df7000 	C:\Windows\System32\msvcrt.dll
0x00007ffb89eb0000 - 0x00007ffb89ee1000 	C:\Windows\System32\IMM32.DLL
0x00007ffb81f30000 - 0x00007ffb81f3c000 	c:\Users\Miguel Rabih\.vscode\extensions\redhat.java-1.43.0-win32-x64\jre\21.0.7-win32-x86_64\bin\vcruntime140_1.dll
0x00007ffb5ae70000 - 0x00007ffb5aefd000 	c:\Users\Miguel Rabih\.vscode\extensions\redhat.java-1.43.0-win32-x64\jre\21.0.7-win32-x86_64\bin\msvcp140.dll
0x00007ffb2d360000 - 0x00007ffb2e0f0000 	c:\Users\Miguel Rabih\.vscode\extensions\redhat.java-1.43.0-win32-x64\jre\21.0.7-win32-x86_64\bin\server\jvm.dll
0x00007ffb89440000 - 0x00007ffb894f1000 	C:\Windows\System32\ADVAPI32.dll
0x00007ffb89290000 - 0x00007ffb89337000 	C:\Windows\System32\sechost.dll
0x00007ffb88640000 - 0x00007ffb88668000 	C:\Windows\System32\bcrypt.dll
0x00007ffb89d90000 - 0x00007ffb89ea4000 	C:\Windows\System32\RPCRT4.dll
0x00007ffb88b40000 - 0x00007ffb88bb1000 	C:\Windows\System32\WS2_32.dll
0x00007ffb87b90000 - 0x00007ffb87bdd000 	C:\Windows\SYSTEM32\POWRPROF.dll
0x00007ffb832b0000 - 0x00007ffb832e4000 	C:\Windows\SYSTEM32\WINMM.dll
0x00007ffb7e300000 - 0x00007ffb7e30a000 	C:\Windows\SYSTEM32\VERSION.dll
0x00007ffb87b70000 - 0x00007ffb87b83000 	C:\Windows\SYSTEM32\UMPDC.dll
0x00007ffb86f40000 - 0x00007ffb86f58000 	C:\Windows\SYSTEM32\kernel.appcore.dll
0x00007ffb6f100000 - 0x00007ffb6f10a000 	c:\Users\Miguel Rabih\.vscode\extensions\redhat.java-1.43.0-win32-x64\jre\21.0.7-win32-x86_64\bin\jimage.dll
0x00007ffb85850000 - 0x00007ffb85a82000 	C:\Windows\SYSTEM32\DBGHELP.DLL
0x00007ffb88e00000 - 0x00007ffb89193000 	C:\Windows\System32\combase.dll
0x00007ffb88bc0000 - 0x00007ffb88c97000 	C:\Windows\System32\OLEAUT32.dll
0x00007ffb6c8c0000 - 0x00007ffb6c8f2000 	C:\Windows\SYSTEM32\dbgcore.DLL
0x00007ffb884f0000 - 0x00007ffb8856b000 	C:\Windows\System32\bcryptPrimitives.dll
0x00007ffb6bb20000 - 0x00007ffb6bb2f000 	c:\Users\Miguel Rabih\.vscode\extensions\redhat.java-1.43.0-win32-x64\jre\21.0.7-win32-x86_64\bin\instrument.dll
0x00007ffb6bb00000 - 0x00007ffb6bb1f000 	c:\Users\Miguel Rabih\.vscode\extensions\redhat.java-1.43.0-win32-x64\jre\21.0.7-win32-x86_64\bin\java.dll
0x00007ffb8a380000 - 0x00007ffb8ac1d000 	C:\Windows\System32\SHELL32.dll
0x00007ffb88670000 - 0x00007ffb887af000 	C:\Windows\System32\wintypes.dll
0x00007ffb85e10000 - 0x00007ffb8672d000 	C:\Windows\SYSTEM32\windows.storage.dll
0x00007ffb89660000 - 0x00007ffb8976b000 	C:\Windows\System32\SHCORE.dll
0x00007ffb89ef0000 - 0x00007ffb89f56000 	C:\Windows\System32\shlwapi.dll
0x00007ffb87e50000 - 0x00007ffb87e7b000 	C:\Windows\SYSTEM32\profapi.dll
0x00007ffb6b690000 - 0x00007ffb6b6a8000 	c:\Users\Miguel Rabih\.vscode\extensions\redhat.java-1.43.0-win32-x64\jre\21.0.7-win32-x86_64\bin\zip.dll
0x00007ffb6b240000 - 0x00007ffb6b250000 	C:\Users\Miguel Rabih\.vscode\extensions\redhat.java-1.43.0-win32-x64\jre\21.0.7-win32-x86_64\bin\net.dll
0x00007ffb846a0000 - 0x00007ffb847cc000 	C:\Windows\SYSTEM32\WINHTTP.dll
0x00007ffb873e0000 - 0x00007ffb8744a000 	C:\Windows\system32\mswsock.dll
0x00007ffb6ae90000 - 0x00007ffb6aea6000 	C:\Users\Miguel Rabih\.vscode\extensions\redhat.java-1.43.0-win32-x64\jre\21.0.7-win32-x86_64\bin\nio.dll
0x00007ffb68400000 - 0x00007ffb68410000 	c:\Users\Miguel Rabih\.vscode\extensions\redhat.java-1.43.0-win32-x64\jre\21.0.7-win32-x86_64\bin\verify.dll

dbghelp: loaded successfully - version: 4.0.5 - missing functions: none
symbol engine: initialized successfully - sym options: 0x614 - pdb path: .;c:\Users\Miguel Rabih\.vscode\extensions\redhat.java-1.43.0-win32-x64\jre\21.0.7-win32-x86_64\bin;C:\Windows\SYSTEM32;C:\Windows\WinSxS\amd64_microsoft.windows.common-controls_6595b64144ccf1df_6.0.22621.5262_none_2712bde373830908;c:\Users\Miguel Rabih\.vscode\extensions\redhat.java-1.43.0-win32-x64\jre\21.0.7-win32-x86_64\bin\server

VM Arguments:
jvm_args: --add-modules=ALL-SYSTEM --add-opens=java.base/java.util=ALL-UNNAMED --add-opens=java.base/java.lang=ALL-UNNAMED --add-opens=java.base/sun.nio.fs=ALL-UNNAMED -Declipse.application=org.eclipse.jdt.ls.core.id1 -Dosgi.bundles.defaultStartLevel=4 -Declipse.product=org.eclipse.jdt.ls.core.product -Djava.import.generatesMetadataFilesAtProjectRoot=false -DDetectVMInstallationsJob.disabled=true -Dfile.encoding=utf8 -XX:+UseParallelGC -XX:GCTimeRatio=4 -XX:AdaptiveSizePolicyWeight=90 -Dsun.zip.disableMemoryMapping=true -Xmx2G -Xms100m -Xlog:disable -javaagent:c:\Users\Miguel Rabih\.vscode\extensions\redhat.java-1.43.0-win32-x64\lombok\lombok-1.18.39-4050.jar 
java_command: c:\Users\Miguel Rabih\.vscode\extensions\redhat.java-1.43.0-win32-x64\server\plugins\org.eclipse.equinox.launcher_1.7.0.v20250519-0528.jar -configuration c:\Users\Miguel Rabih\AppData\Roaming\Code\User\globalStorage\redhat.java\1.43.0\config_ss_win -data c:\Users\Miguel Rabih\AppData\Roaming\Code\User\workspaceStorage\2e46618f7a6ea3a8ced0a60350da7f92\redhat.java\ss_ws --pipe=\\.\pipe\lsp-e8a9b83fb543b3d2671c56fa94800d15-sock
java_class_path (initial): c:\Users\Miguel Rabih\.vscode\extensions\redhat.java-1.43.0-win32-x64\server\plugins\org.eclipse.equinox.launcher_1.7.0.v20250519-0528.jar
Launcher Type: SUN_STANDARD

[Global flags]
    uintx AdaptiveSizePolicyWeight                 = 90                                        {product} {command line}
     intx CICompilerCount                          = 4                                         {product} {ergonomic}
    uintx GCTimeRatio                              = 4                                         {product} {command line}
   size_t InitialHeapSize                          = 104857600                                 {product} {command line}
   size_t MaxHeapSize                              = 2147483648                                {product} {command line}
   size_t MaxNewSize                               = 715653120                                 {product} {ergonomic}
   size_t MinHeapDeltaBytes                        = 524288                                    {product} {ergonomic}
   size_t MinHeapSize                              = 104857600                                 {product} {command line}
   size_t NewSize                                  = 34603008                                  {product} {ergonomic}
    uintx NonNMethodCodeHeapSize                   = 5839372                                {pd product} {ergonomic}
    uintx NonProfiledCodeHeapSize                  = 122909434                              {pd product} {ergonomic}
   size_t OldSize                                  = 70254592                                  {product} {ergonomic}
    uintx ProfiledCodeHeapSize                     = 122909434                              {pd product} {ergonomic}
    uintx ReservedCodeCacheSize                    = 251658240                              {pd product} {ergonomic}
     bool SegmentedCodeCache                       = true                                      {product} {ergonomic}
   size_t SoftMaxHeapSize                          = 2147483648                             {manageable} {ergonomic}
     bool UseCompressedOops                        = true                           {product lp64_product} {ergonomic}
     bool UseLargePagesIndividualAllocation        = false                                  {pd product} {ergonomic}
     bool UseParallelGC                            = true                                      {product} {command line}

Logging:
Log output configuration:
 #0: stdout all=off uptime,level,tags foldmultilines=false
 #1: stderr all=off uptime,level,tags foldmultilines=false

Environment Variables:
PATH=C:\Program Files\Common Files\Oracle\Java\javapath;C:\Windows\system32;C:\Windows;C:\Windows\System32\Wbem;C:\Windows\System32\WindowsPowerShell\v1.0\;C:\Windows\System32\OpenSSH\;C:\flutter\flutter\bin;C:\Program Files\nodejs\;C:\xampp1\phpMyAdmin\vendor\composer;C:\xampp1\php\Project_php\ControlHabitos\habitos\vendor\laravel\tinker\tests\fixtures\vendor\composer\autoload_classmap.php;C:\xampp1\php;C:\xampp1\mysql\bin;C:\xampp1\phpMyAdmin\vendor\composer;C:\ProgramData\ComposerSetup\bin;C:\Program Files\Git\cmd;C:\Program Files (x86)\Windows Kits\10\Windows Performance Toolkit\;C:\Program Files\Eclipse Adoptium\jdk-17.0.15.6-hotspot\bin;C:\Program Files\apache-maven-3.9.9\bin;C:\Program Files\PostgreSQL\17\bin;C:\flutter\flutter\bin;C:\Users\Miguel Rabih\AppData\Local\Microsoft\WindowsApps;C:\Users\Miguel Rabih\AppData\Local\Programs\Microsoft VS Code\bin;C:\Program Files\JetBrains\IntelliJ IDEA 2024.2.4\bin;;C:\Users\Miguel Rabih\AppData\Local\GitHubDesktop\bin;C:\flutter;C:\Users\Miguel Rabih\AppData\Roaming\npm;C:\Program Files\MongoDB\Server\7.0\bin;C:\Users\Miguel Rabih\AppData\Roaming\Composer\vendor\bin;C:\xampp1\php;C:\xampp1\phpMyAdmin\vendor\composer;C:\ProgramData\ComposerSetup\bin;C:\Program Files (x86)\ComposerSetup;C:\Program Files\apache-maven-3.9.9\bin;
USERNAME=Miguel Rabih
OS=Windows_NT
PROCESSOR_IDENTIFIER=AMD64 Family 23 Model 160 Stepping 0, AuthenticAMD
TMP=C:\Users\MIGUEL~1\AppData\Local\Temp
TEMP=C:\Users\MIGUEL~1\AppData\Local\Temp




Periodic native trim disabled

---------------  S Y S T E M  ---------------

OS:
 Windows 11 , 64 bit Build 22621 (10.0.22621.5262)
OS uptime: 24 days 4:19 hours
Hyper-V role detected

CPU: total 8 (initial active 8) (8 cores per cpu, 2 threads per core) family 23 model 160 stepping 0 microcode 0x0, cx8, cmov, fxsr, ht, mmx, 3dnowpref, sse, sse2, sse3, ssse3, sse4a, sse4.1, sse4.2, popcnt, lzcnt, tsc, tscinvbit, avx, avx2, aes, clmul, bmi1, bmi2, adx, sha, fma, vzeroupper, clflush, clflushopt, hv, rdtscp, rdpid, f16c
Processor Information for the first 8 processors :
  Max Mhz: 2801, Current Mhz: 2801, Mhz Limit: 2801

Memory: 4k page, system-wide physical 5965M (348M free)
TotalPageFile size 24397M (AvailPageFile size 2M)
current process WorkingSet (physical memory assigned to process): 76M, peak: 76M
current process commit charge ("private bytes"): 231M, peak: 232M

vm_info: OpenJDK 64-Bit Server VM (21.0.7+6-LTS) for windows-amd64 JRE (21.0.7+6-LTS), built on 2025-04-15T00:00:00Z by "admin" with MS VC++ 17.7 (VS2022)

END.
