#
# There is insufficient memory for the Java Runtime Environment to continue.
# Native memory allocation (malloc) failed to allocate 227664 bytes. Error detail: Chunk::new
# Possible reasons:
#   The system is out of physical RAM or swap space
#   This process is running with CompressedOops enabled, and the Java Heap may be blocking the growth of the native heap
# Possible solutions:
#   Reduce memory load on the system
#   Increase physical memory or swap space
#   Check if swap backing store is full
#   Decrease Java heap size (-Xmx/-Xms)
#   Decrease number of Java threads
#   Decrease Java thread stack sizes (-Xss)
#   Set larger code cache with -XX:ReservedCodeCacheSize=
#   JVM is running with Unscaled Compressed Oops mode in which the Java heap is
#     placed in the first 4GB address space. The Java Heap base address is the
#     maximum limit for the native heap growth. Please use -XX:HeapBaseMinAddress
#     to set the Java Heap base and to place the Java Heap above 4GB virtual address.
# This output file may be truncated or incomplete.
#
#  Out of Memory Error (arena.cpp:168), pid=14992, tid=18876
#
# JRE version: OpenJDK Runtime Environment Temurin-21.0.7+6 (21.0.7+6) (build 21.0.7+6-LTS)
# Java VM: OpenJDK 64-Bit Server VM Temurin-21.0.7+6 (21.0.7+6-LTS, mixed mode, sharing, tiered, compressed oops, compressed class ptrs, parallel gc, windows-amd64)
# No core dump will be written. Minidumps are not enabled by default on client versions of Windows
#

---------------  S U M M A R Y ------------

Command Line: --add-modules=ALL-SYSTEM --add-opens=java.base/java.util=ALL-UNNAMED --add-opens=java.base/java.lang=ALL-UNNAMED --add-opens=java.base/sun.nio.fs=ALL-UNNAMED -Declipse.application=org.eclipse.jdt.ls.core.id1 -Dosgi.bundles.defaultStartLevel=4 -Declipse.product=org.eclipse.jdt.ls.core.product -Djava.import.generatesMetadataFilesAtProjectRoot=false -DDetectVMInstallationsJob.disabled=true -Dfile.encoding=utf8 -XX:+UseParallelGC -XX:GCTimeRatio=4 -XX:AdaptiveSizePolicyWeight=90 -Dsun.zip.disableMemoryMapping=true -Xmx2G -Xms100m -Xlog:disable -javaagent:c:\Users\Miguel Rabih\.vscode\extensions\redhat.java-1.43.0-win32-x64\lombok\lombok-1.18.39-4050.jar -XX:+HeapDumpOnOutOfMemoryError -XX:HeapDumpPath=c:\Users\Miguel Rabih\AppData\Roaming\Code\User\workspaceStorage\2e46618f7a6ea3a8ced0a60350da7f92\redhat.java -Daether.dependencyCollector.impl=bf c:\Users\Miguel Rabih\.vscode\extensions\redhat.java-1.43.0-win32-x64\server\plugins\org.eclipse.equinox.launcher_1.7.0.v20250519-0528.jar -configuration c:\Users\Miguel Rabih\AppData\Roaming\Code\User\globalStorage\redhat.java\1.43.0\config_win -data c:\Users\Miguel Rabih\AppData\Roaming\Code\User\workspaceStorage\2e46618f7a6ea3a8ced0a60350da7f92\redhat.java\jdt_ws --pipe=\\.\pipe\lsp-4dd782284523249c8e926bb28c15f78b-sock

Host: AMD Ryzen 5 7520U with Radeon Graphics         , 8 cores, 5G,  Windows 11 , 64 bit Build 22621 (10.0.22621.5262)
Time: Fri Jun 27 01:28:03 2025 Hora est. Pacífico, Sudamérica elapsed time: 1.689248 seconds (0d 0h 0m 1s)

---------------  T H R E A D  ---------------

Current thread (0x0000026dfac576c0):  JavaThread "C2 CompilerThread1" daemon [_thread_in_native, id=18876, stack(0x00000087daf00000,0x00000087db000000) (1024K)]


Current CompileTask:
C2:1689 1786 %     4       org.eclipse.osgi.util.ManifestElement::readLine @ 0 (122 bytes)

Stack: [0x00000087daf00000,0x00000087db000000]
Native frames: (J=compiled Java code, j=interpreted, Vv=VM code, C=native code)
V  [jvm.dll+0x6ce119]
V  [jvm.dll+0x8a84a1]
V  [jvm.dll+0x8aa9ce]
V  [jvm.dll+0x8ab0b3]
V  [jvm.dll+0x27f8a6]
V  [jvm.dll+0xc507d]
V  [jvm.dll+0xc55b3]
V  [jvm.dll+0x13e9cf]
V  [jvm.dll+0x65d805]
V  [jvm.dll+0x65bd5e]
V  [jvm.dll+0x247975]
V  [jvm.dll+0x2470cf]
V  [jvm.dll+0x1c760e]
V  [jvm.dll+0x25695a]
V  [jvm.dll+0x254efa]
V  [jvm.dll+0x3f03f6]
V  [jvm.dll+0x851f6b]
V  [jvm.dll+0x6cc7dd]
C  [ucrtbase.dll+0x29333]
C  [KERNEL32.DLL+0x1259d]
C  [ntdll.dll+0x5af58]


---------------  P R O C E S S  ---------------

Threads class SMR info:
_java_thread_list=0x0000026dd8c27980, length=22, elements={
0x0000026dfacd3d40, 0x0000026dfac3e940, 0x0000026dfac3faa0, 0x0000026dfac42cb0,
0x0000026dfac48c80, 0x0000026dfac49890, 0x0000026dfac50cb0, 0x0000026dfac52220,
0x0000026dfac54de0, 0x0000026dd80ccb90, 0x0000026dfac576c0, 0x0000026dd8314dc0,
0x0000026dfac554b0, 0x0000026dd8d3c050, 0x0000026dd8d3c6b0, 0x0000026dd860a2b0,
0x0000026dd860f200, 0x0000026dd8a69280, 0x0000026dd8a698e0, 0x0000026dd8dce510,
0x0000026dd8d63620, 0x0000026dd8dcffb0
}

Java Threads: ( => current thread )
  0x0000026dfacd3d40 JavaThread "main"                              [_thread_in_vm, id=15776, stack(0x00000087da200000,0x00000087da300000) (1024K)]
  0x0000026dfac3e940 JavaThread "Reference Handler"          daemon [_thread_blocked, id=15988, stack(0x00000087da600000,0x00000087da700000) (1024K)]
  0x0000026dfac3faa0 JavaThread "Finalizer"                  daemon [_thread_blocked, id=10208, stack(0x00000087da700000,0x00000087da800000) (1024K)]
  0x0000026dfac42cb0 JavaThread "Signal Dispatcher"          daemon [_thread_blocked, id=27872, stack(0x00000087da800000,0x00000087da900000) (1024K)]
  0x0000026dfac48c80 JavaThread "Attach Listener"            daemon [_thread_blocked, id=25732, stack(0x00000087da900000,0x00000087daa00000) (1024K)]
  0x0000026dfac49890 JavaThread "Service Thread"             daemon [_thread_blocked, id=14872, stack(0x00000087daa00000,0x00000087dab00000) (1024K)]
  0x0000026dfac50cb0 JavaThread "Monitor Deflation Thread"   daemon [_thread_blocked, id=6120, stack(0x00000087dab00000,0x00000087dac00000) (1024K)]
  0x0000026dfac52220 JavaThread "C2 CompilerThread0"         daemon [_thread_blocked, id=29980, stack(0x00000087dac00000,0x00000087dad00000) (1024K)]
  0x0000026dfac54de0 JavaThread "C1 CompilerThread0"         daemon [_thread_blocked, id=26460, stack(0x00000087dad00000,0x00000087dae00000) (1024K)]
  0x0000026dd80ccb90 JavaThread "Common-Cleaner"             daemon [_thread_blocked, id=23076, stack(0x00000087dae00000,0x00000087daf00000) (1024K)]
=>0x0000026dfac576c0 JavaThread "C2 CompilerThread1"         daemon [_thread_in_native, id=18876, stack(0x00000087daf00000,0x00000087db000000) (1024K)]
  0x0000026dd8314dc0 JavaThread "Notification Thread"        daemon [_thread_blocked, id=13848, stack(0x00000087db000000,0x00000087db100000) (1024K)]
  0x0000026dfac554b0 JavaThread "C2 CompilerThread2"         daemon [_thread_blocked, id=8908, stack(0x00000087db100000,0x00000087db200000) (1024K)]
  0x0000026dd8d3c050 JavaThread "Equinox resolver thread - Equinox Container: 8359fc48-83da-42ae-9693-926e2136db17" daemon [_thread_blocked, id=17088, stack(0x00000087db800000,0x00000087db900000) (1024K)]
  0x0000026dd8d3c6b0 JavaThread "Equinox resolver thread - Equinox Container: 8359fc48-83da-42ae-9693-926e2136db17" daemon [_thread_blocked, id=13228, stack(0x00000087db900000,0x00000087dba00000) (1024K)]
  0x0000026dd860a2b0 JavaThread "Equinox resolver thread - Equinox Container: 8359fc48-83da-42ae-9693-926e2136db17" daemon [_thread_blocked, id=9876, stack(0x00000087dba00000,0x00000087dbb00000) (1024K)]
  0x0000026dd860f200 JavaThread "Equinox resolver thread - Equinox Container: 8359fc48-83da-42ae-9693-926e2136db17" daemon [_thread_blocked, id=7224, stack(0x00000087dbb00000,0x00000087dbc00000) (1024K)]
  0x0000026dd8a69280 JavaThread "Equinox resolver thread - Equinox Container: 8359fc48-83da-42ae-9693-926e2136db17" daemon [_thread_blocked, id=20960, stack(0x00000087dbc00000,0x00000087dbd00000) (1024K)]
  0x0000026dd8a698e0 JavaThread "Equinox resolver thread - Equinox Container: 8359fc48-83da-42ae-9693-926e2136db17" daemon [_thread_blocked, id=13792, stack(0x00000087dbd00000,0x00000087dbe00000) (1024K)]
  0x0000026dd8dce510 JavaThread "Active Thread: Equinox Container: 8359fc48-83da-42ae-9693-926e2136db17"        [_thread_blocked, id=16532, stack(0x00000087dbe00000,0x00000087dbf00000) (1024K)]
  0x0000026dd8d63620 JavaThread "Framework Event Dispatcher: Equinox Container: 8359fc48-83da-42ae-9693-926e2136db17" daemon [_thread_blocked, id=21356, stack(0x00000087dbf00000,0x00000087dc000000) (1024K)]
  0x0000026dd8dcffb0 JavaThread "Start Level: Equinox Container: 8359fc48-83da-42ae-9693-926e2136db17" daemon [_thread_blocked, id=29556, stack(0x00000087dc000000,0x00000087dc100000) (1024K)]
Total: 22

Other Threads:
  0x0000026dfac23ad0 VMThread "VM Thread"                           [id=23432, stack(0x00000087da500000,0x00000087da600000) (1024K)]
  0x0000026dfad3f9d0 WatcherThread "VM Periodic Task Thread"        [id=26876, stack(0x00000087da400000,0x00000087da500000) (1024K)]
  0x0000026dfacf2eb0 WorkerThread "GC Thread#0"                     [id=15560, stack(0x00000087da300000,0x00000087da400000) (1024K)]
  0x0000026dd8bc30b0 WorkerThread "GC Thread#1"                     [id=10776, stack(0x00000087db200000,0x00000087db300000) (1024K)]
  0x0000026dd8bf8db0 WorkerThread "GC Thread#2"                     [id=20000, stack(0x00000087db300000,0x00000087db400000) (1024K)]
  0x0000026dd8bf9150 WorkerThread "GC Thread#3"                     [id=17364, stack(0x00000087db400000,0x00000087db500000) (1024K)]
  0x0000026dd8bc7670 WorkerThread "GC Thread#4"                     [id=9804, stack(0x00000087db500000,0x00000087db600000) (1024K)]
  0x0000026dd8bc7a10 WorkerThread "GC Thread#5"                     [id=2168, stack(0x00000087db600000,0x00000087db700000) (1024K)]
  0x0000026dd8df93f0 WorkerThread "GC Thread#6"                     [id=24968, stack(0x00000087db700000,0x00000087db800000) (1024K)]
  0x0000026dd8db6000 WorkerThread "GC Thread#7"                     [id=29912, stack(0x00000087dc100000,0x00000087dc200000) (1024K)]
Total: 10

Threads with active compile tasks:
C1 CompilerThread0  1717 1863       3       org.osgi.framework.VersionRange::toFilterString (422 bytes)
C2 CompilerThread1  1717 1786 %     4       org.eclipse.osgi.util.ManifestElement::readLine @ 0 (122 bytes)
Total: 2

VM state: not at safepoint (normal execution)

VM Mutex/Monitor currently owned by a thread: None

Heap address: 0x0000000080000000, size: 2048 MB, Compressed Oops mode: 32-bit

CDS archive(s) mapped at: [0x0000026d93000000-0x0000026d93ba0000-0x0000026d93ba0000), size 12189696, SharedBaseAddress: 0x0000026d93000000, ArchiveRelocationMode: 1.
Compressed class space mapped at: 0x0000026d94000000-0x0000026dd4000000, reserved size: 1073741824
Narrow klass base: 0x0000026d93000000, Narrow klass shift: 0, Narrow klass range: 0x100000000

GC Precious Log:
 CardTable entry size: 512
 CPUs: 8 total, 8 available
 Memory: 5965M
 Large Page Support: Disabled
 NUMA Support: Disabled
 Compressed Oops: Enabled (32-bit)
 Alignments: Space 512K, Generation 512K, Heap 2M
 Heap Min Capacity: 100M
 Heap Initial Capacity: 100M
 Heap Max Capacity: 2G
 Pre-touch: Disabled
 Parallel Workers: 8

Heap:
 PSYoungGen      total 29696K, used 12735K [0x00000000d5580000, 0x00000000d7680000, 0x0000000100000000)
  eden space 25600K, 33% used [0x00000000d5580000,0x00000000d5df05e0,0x00000000d6e80000)
  from space 4096K, 99% used [0x00000000d7280000,0x00000000d767f810,0x00000000d7680000)
  to   space 4096K, 0% used [0x00000000d6e80000,0x00000000d6e80000,0x00000000d7280000)
 ParOldGen       total 68608K, used 120K [0x0000000080000000, 0x0000000084300000, 0x00000000d5580000)
  object space 68608K, 0% used [0x0000000080000000,0x000000008001e000,0x0000000084300000)
 Metaspace       used 8241K, committed 8512K, reserved 1114112K
  class space    used 845K, committed 960K, reserved 1048576K

Card table byte_map: [0x0000026dfa670000,0x0000026dfaa80000] _byte_map_base: 0x0000026dfa270000

Marking Bits: (ParMarkBitMap*) 0x00007ffb2e0131f0
 Begin Bits: [0x0000026d8f000000, 0x0000026d91000000)
 End Bits:   [0x0000026d91000000, 0x0000026d93000000)

Polling page: 0x0000026df8b00000

Metaspace:

Usage:
  Non-class:      7.22 MB used.
      Class:    845.87 KB used.
       Both:      8.05 MB used.

Virtual space:
  Non-class space:       64.00 MB reserved,       7.38 MB ( 12%) committed,  1 nodes.
      Class space:        1.00 GB reserved,     960.00 KB ( <1%) committed,  1 nodes.
             Both:        1.06 GB reserved,       8.31 MB ( <1%) committed. 

Chunk freelists:
   Non-Class:  8.59 MB
       Class:  14.89 MB
        Both:  23.48 MB

MaxMetaspaceSize: unlimited
CompressedClassSpaceSize: 1.00 GB
Initial GC threshold: 21.00 MB
Current GC threshold: 21.00 MB
CDS: on
 - commit_granule_bytes: 65536.
 - commit_granule_words: 8192.
 - virtual_space_node_default_size: 8388608.
 - enlarge_chunks_in_place: 1.
 - use_allocation_guard: 0.


Internal statistics:

num_allocs_failed_limit: 0.
num_arena_births: 222.
num_arena_deaths: 0.
num_vsnodes_births: 2.
num_vsnodes_deaths: 0.
num_space_committed: 133.
num_space_uncommitted: 0.
num_chunks_returned_to_freelist: 0.
num_chunks_taken_from_freelist: 412.
num_chunk_merges: 0.
num_chunk_splits: 272.
num_chunks_enlarged: 189.
num_inconsistent_stats: 0.

CodeHeap 'non-profiled nmethods': size=120000Kb used=766Kb max_used=766Kb free=119233Kb
 bounds [0x0000026d87ad0000, 0x0000026d87d40000, 0x0000026d8f000000]
CodeHeap 'profiled nmethods': size=120000Kb used=3468Kb max_used=3468Kb free=116531Kb
 bounds [0x0000026d80000000, 0x0000026d80370000, 0x0000026d87530000]
CodeHeap 'non-nmethods': size=5760Kb used=1211Kb max_used=1250Kb free=4548Kb
 bounds [0x0000026d87530000, 0x0000026d877a0000, 0x0000026d87ad0000]
 total_blobs=2335 nmethods=1859 adapters=383
 compilation: enabled
              stopped_count=0, restarted_count=0
 full_count=0

Compilation events (20 events):
Event: 1.672 Thread 0x0000026dfac54de0 nmethod 1823 0x0000026d80353190 code [0x0000026d80353360, 0x0000026d80353808]
Event: 1.672 Thread 0x0000026dfac54de0 1824       3       org.eclipse.osgi.framework.eventmgr.CopyOnWriteIdentityMap$Snapshot::<init> (10 bytes)
Event: 1.673 Thread 0x0000026dfac54de0 nmethod 1824 0x0000026d80353a10 code [0x0000026d80353bc0, 0x0000026d80353d48]
Event: 1.674 Thread 0x0000026dfac54de0 1825       3       java.util.concurrent.locks.ReentrantLock$Sync::isHeldExclusively (16 bytes)
Event: 1.674 Thread 0x0000026dfac54de0 nmethod 1825 0x0000026d80353e10 code [0x0000026d80353fc0, 0x0000026d80354150]
Event: 1.674 Thread 0x0000026dfac54de0 1826   !   3       org.osgi.framework.VersionRange::parseVersion (43 bytes)
Event: 1.676 Thread 0x0000026dfac54de0 nmethod 1826 0x0000026d80354210 code [0x0000026d803544a0, 0x0000026d80354e38]
Event: 1.679 Thread 0x0000026dfac54de0 1827       3       sun.nio.cs.UTF_8$Decoder::decodeLoop (28 bytes)
Event: 1.679 Thread 0x0000026dfac54de0 nmethod 1827 0x0000026d80355310 code [0x0000026d80355500, 0x0000026d803558d0]
Event: 1.679 Thread 0x0000026dfac554b0 nmethod 1815 0x0000026d87b8bc90 code [0x0000026d87b8bf00, 0x0000026d87b8c878]
Event: 1.680 Thread 0x0000026dfac54de0 1828       3       java.nio.ByteBuffer::hasArray (20 bytes)
Event: 1.680 Thread 0x0000026dfac54de0 nmethod 1828 0x0000026d80355a10 code [0x0000026d80355bc0, 0x0000026d80355d58]
Event: 1.681 Thread 0x0000026dfac54de0 1829       3       java.lang.Long::valueOf (40 bytes)
Event: 1.681 Thread 0x0000026dfac54de0 nmethod 1829 0x0000026d80355e10 code [0x0000026d80355fe0, 0x0000026d80356318]
Event: 1.683 Thread 0x0000026dfac54de0 1830       3       java.util.StringTokenizer::nextToken (19 bytes)
Event: 1.683 Thread 0x0000026dfac54de0 nmethod 1830 0x0000026d80356490 code [0x0000026d80356640, 0x0000026d803567f0]
Event: 1.683 Thread 0x0000026dfac54de0 1831       3       jdk.internal.misc.Unsafe::weakCompareAndSetInt (11 bytes)
Event: 1.683 Thread 0x0000026dfac54de0 nmethod 1831 0x0000026d80356890 code [0x0000026d80356a20, 0x0000026d80356b48]
Event: 1.686 Thread 0x0000026dfac54de0 1832       3       java.util.HashSet::add (20 bytes)
Event: 1.687 Thread 0x0000026dfac54de0 nmethod 1832 0x0000026d80356c10 code [0x0000026d80356dc0, 0x0000026d80356ff0]

GC Heap History (4 events):
Event: 0.888 GC heap before
{Heap before GC invocations=1 (full 0):
 PSYoungGen      total 29696K, used 25600K [0x00000000d5580000, 0x00000000d7680000, 0x0000000100000000)
  eden space 25600K, 100% used [0x00000000d5580000,0x00000000d6e80000,0x00000000d6e80000)
  from space 4096K, 0% used [0x00000000d7280000,0x00000000d7280000,0x00000000d7680000)
  to   space 4096K, 0% used [0x00000000d6e80000,0x00000000d6e80000,0x00000000d7280000)
 ParOldGen       total 68608K, used 0K [0x0000000080000000, 0x0000000084300000, 0x00000000d5580000)
  object space 68608K, 0% used [0x0000000080000000,0x0000000080000000,0x0000000084300000)
 Metaspace       used 4278K, committed 4480K, reserved 1114112K
  class space    used 454K, committed 576K, reserved 1048576K
}
Event: 0.895 GC heap after
{Heap after GC invocations=1 (full 0):
 PSYoungGen      total 29696K, used 3295K [0x00000000d5580000, 0x00000000d7680000, 0x0000000100000000)
  eden space 25600K, 0% used [0x00000000d5580000,0x00000000d5580000,0x00000000d6e80000)
  from space 4096K, 80% used [0x00000000d6e80000,0x00000000d71b7f28,0x00000000d7280000)
  to   space 4096K, 0% used [0x00000000d7280000,0x00000000d7280000,0x00000000d7680000)
 ParOldGen       total 68608K, used 16K [0x0000000080000000, 0x0000000084300000, 0x00000000d5580000)
  object space 68608K, 0% used [0x0000000080000000,0x0000000080004000,0x0000000084300000)
 Metaspace       used 4278K, committed 4480K, reserved 1114112K
  class space    used 454K, committed 576K, reserved 1048576K
}
Event: 1.549 GC heap before
{Heap before GC invocations=2 (full 0):
 PSYoungGen      total 29696K, used 28895K [0x00000000d5580000, 0x00000000d7680000, 0x0000000100000000)
  eden space 25600K, 100% used [0x00000000d5580000,0x00000000d6e80000,0x00000000d6e80000)
  from space 4096K, 80% used [0x00000000d6e80000,0x00000000d71b7f28,0x00000000d7280000)
  to   space 4096K, 0% used [0x00000000d7280000,0x00000000d7280000,0x00000000d7680000)
 ParOldGen       total 68608K, used 16K [0x0000000080000000, 0x0000000084300000, 0x00000000d5580000)
  object space 68608K, 0% used [0x0000000080000000,0x0000000080004000,0x0000000084300000)
 Metaspace       used 8116K, committed 8384K, reserved 1114112K
  class space    used 845K, committed 960K, reserved 1048576K
}
Event: 1.553 GC heap after
{Heap after GC invocations=2 (full 0):
 PSYoungGen      total 29696K, used 4094K [0x00000000d5580000, 0x00000000d7680000, 0x0000000100000000)
  eden space 25600K, 0% used [0x00000000d5580000,0x00000000d5580000,0x00000000d6e80000)
  from space 4096K, 99% used [0x00000000d7280000,0x00000000d767f810,0x00000000d7680000)
  to   space 4096K, 0% used [0x00000000d6e80000,0x00000000d6e80000,0x00000000d7280000)
 ParOldGen       total 68608K, used 120K [0x0000000080000000, 0x0000000084300000, 0x00000000d5580000)
  object space 68608K, 0% used [0x0000000080000000,0x000000008001e000,0x0000000084300000)
 Metaspace       used 8116K, committed 8384K, reserved 1114112K
  class space    used 845K, committed 960K, reserved 1048576K
}

Dll operation events (8 events):
Event: 0.009 Loaded shared library c:\Users\Miguel Rabih\.vscode\extensions\redhat.java-1.43.0-win32-x64\jre\21.0.7-win32-x86_64\bin\java.dll
Event: 0.077 Loaded shared library c:\Users\Miguel Rabih\.vscode\extensions\redhat.java-1.43.0-win32-x64\jre\21.0.7-win32-x86_64\bin\zip.dll
Event: 0.100 Loaded shared library C:\Users\Miguel Rabih\.vscode\extensions\redhat.java-1.43.0-win32-x64\jre\21.0.7-win32-x86_64\bin\instrument.dll
Event: 0.105 Loaded shared library C:\Users\Miguel Rabih\.vscode\extensions\redhat.java-1.43.0-win32-x64\jre\21.0.7-win32-x86_64\bin\net.dll
Event: 0.107 Loaded shared library C:\Users\Miguel Rabih\.vscode\extensions\redhat.java-1.43.0-win32-x64\jre\21.0.7-win32-x86_64\bin\nio.dll
Event: 0.110 Loaded shared library C:\Users\Miguel Rabih\.vscode\extensions\redhat.java-1.43.0-win32-x64\jre\21.0.7-win32-x86_64\bin\zip.dll
Event: 0.127 Loaded shared library C:\Users\Miguel Rabih\.vscode\extensions\redhat.java-1.43.0-win32-x64\jre\21.0.7-win32-x86_64\bin\jimage.dll
Event: 0.207 Loaded shared library c:\Users\Miguel Rabih\.vscode\extensions\redhat.java-1.43.0-win32-x64\jre\21.0.7-win32-x86_64\bin\verify.dll

Deoptimization events (20 events):
Event: 1.389 Thread 0x0000026dfacd3d40 DEOPT PACKING pc=0x0000026d87b01100 sp=0x00000087da2fe340
Event: 1.389 Thread 0x0000026dfacd3d40 DEOPT UNPACKING pc=0x0000026d87583aa2 sp=0x00000087da2fe2d0 mode 2
Event: 1.391 Thread 0x0000026dfacd3d40 Uncommon trap: trap_request=0xffffffde fr.pc=0x0000026d87b01100 relative=0x00000000000008c0
Event: 1.391 Thread 0x0000026dfacd3d40 Uncommon trap: reason=class_check action=maybe_recompile pc=0x0000026d87b01100 method=java.util.HashMap.putVal(ILjava/lang/Object;Ljava/lang/Object;ZZ)Ljava/lang/Object; @ 253 c2
Event: 1.391 Thread 0x0000026dfacd3d40 DEOPT PACKING pc=0x0000026d87b01100 sp=0x00000087da2fe340
Event: 1.391 Thread 0x0000026dfacd3d40 DEOPT UNPACKING pc=0x0000026d87583aa2 sp=0x00000087da2fe2d0 mode 2
Event: 1.465 Thread 0x0000026dfacd3d40 DEOPT PACKING pc=0x0000026d801679c3 sp=0x00000087da2fe560
Event: 1.465 Thread 0x0000026dfacd3d40 DEOPT UNPACKING pc=0x0000026d87584242 sp=0x00000087da2fda00 mode 0
Event: 1.535 Thread 0x0000026dfacd3d40 Uncommon trap: trap_request=0xffffff45 fr.pc=0x0000026d87b493b4 relative=0x0000000000000094
Event: 1.535 Thread 0x0000026dfacd3d40 Uncommon trap: reason=unstable_if action=reinterpret pc=0x0000026d87b493b4 method=java.io.BufferedInputStream.getBufIfOpen(Z)[B @ 13 c2
Event: 1.535 Thread 0x0000026dfacd3d40 DEOPT PACKING pc=0x0000026d87b493b4 sp=0x00000087da2fe750
Event: 1.535 Thread 0x0000026dfacd3d40 DEOPT UNPACKING pc=0x0000026d87583aa2 sp=0x00000087da2fe6d0 mode 2
Event: 1.537 Thread 0x0000026dfacd3d40 Uncommon trap: trap_request=0xffffff45 fr.pc=0x0000026d87b057c4 relative=0x00000000000002a4
Event: 1.537 Thread 0x0000026dfacd3d40 Uncommon trap: reason=unstable_if action=reinterpret pc=0x0000026d87b057c4 method=java.util.HashMap$HashIterator.<init>(Ljava/util/HashMap;)V @ 45 c2
Event: 1.537 Thread 0x0000026dfacd3d40 DEOPT PACKING pc=0x0000026d87b057c4 sp=0x00000087da2fe880
Event: 1.537 Thread 0x0000026dfacd3d40 DEOPT UNPACKING pc=0x0000026d87583aa2 sp=0x00000087da2fe818 mode 2
Event: 1.686 Thread 0x0000026dfacd3d40 Uncommon trap: trap_request=0xffffff45 fr.pc=0x0000026d87b8c770 relative=0x0000000000000870
Event: 1.686 Thread 0x0000026dfacd3d40 Uncommon trap: reason=unstable_if action=reinterpret pc=0x0000026d87b8c770 method=java.util.HashMap.putVal(ILjava/lang/Object;Ljava/lang/Object;ZZ)Ljava/lang/Object; @ 81 c2
Event: 1.686 Thread 0x0000026dfacd3d40 DEOPT PACKING pc=0x0000026d87b8c770 sp=0x00000087da2fe810
Event: 1.686 Thread 0x0000026dfacd3d40 DEOPT UNPACKING pc=0x0000026d87583aa2 sp=0x00000087da2fe6a8 mode 2

Classes loaded (20 events):
Event: 1.429 Loading class javax/xml/parsers/ParserConfigurationException
Event: 1.429 Loading class javax/xml/parsers/ParserConfigurationException done
Event: 1.432 Loading class java/security/KeyStoreException
Event: 1.432 Loading class java/security/KeyStoreException done
Event: 1.436 Loading class java/lang/Thread$Builder$OfPlatform
Event: 1.436 Loading class java/lang/Thread$Builder
Event: 1.436 Loading class java/lang/Thread$Builder done
Event: 1.436 Loading class java/lang/Thread$Builder$OfPlatform done
Event: 1.436 Loading class java/lang/Thread$Builder$OfVirtual
Event: 1.436 Loading class java/lang/Thread$Builder$OfVirtual done
Event: 1.449 Loading class sun/nio/fs/WindowsChannelFactory
Event: 1.449 Loading class sun/nio/fs/WindowsChannelFactory done
Event: 1.449 Loading class sun/nio/fs/WindowsChannelFactory$1
Event: 1.449 Loading class sun/nio/fs/WindowsChannelFactory$1 done
Event: 1.449 Loading class sun/nio/fs/WindowsChannelFactory$Flags
Event: 1.449 Loading class sun/nio/fs/WindowsChannelFactory$Flags done
Event: 1.450 Loading class sun/nio/ch/FileChannelImpl$Closer
Event: 1.450 Loading class sun/nio/ch/FileChannelImpl$Closer done
Event: 1.545 Loading class java/util/MissingResourceException
Event: 1.545 Loading class java/util/MissingResourceException done

Classes unloaded (0 events):
No events

Classes redefined (0 events):
No events

Internal exceptions (20 events):
Event: 0.616 Thread 0x0000026dfacd3d40 Exception <a 'java/lang/NoSuchMethodError'{0x00000000d6585c28}: 'int java.lang.invoke.DirectMethodHandle$Holder.invokeStatic(java.lang.Object, java.lang.Object, java.lang.Object, java.lang.Object, java.lang.Object)'> (0x00000000d6585c28) 
thrown [s\src\hotspot\share\interpreter\linkResolver.cpp, line 773]
Event: 0.659 Thread 0x0000026dfacd3d40 Exception <a 'java/lang/NoSuchMethodError'{0x00000000d661d360}: 'java.lang.Object java.lang.invoke.DirectMethodHandle$Holder.invokeInterface(java.lang.Object, java.lang.Object, int)'> (0x00000000d661d360) 
thrown [s\src\hotspot\share\interpreter\linkResolver.cpp, line 773]
Event: 0.820 Thread 0x0000026dfacd3d40 Exception <a 'java/lang/NoSuchMethodError'{0x00000000d6a9ba98}: 'java.lang.ClassLoader java.lang.ClassLoader.getPlatformClassLoader(java.lang.Class)'> (0x00000000d6a9ba98) 
thrown [s\src\hotspot\share\interpreter\linkResolver.cpp, line 773]
Event: 0.901 Thread 0x0000026dfacd3d40 Exception <a 'java/lang/ClassNotFoundException'{0x00000000d55b37f0}: sun/net/www/protocol/c/Handler> (0x00000000d55b37f0) 
thrown [s\src\hotspot\share\classfile\systemDictionary.cpp, line 312]
Event: 0.902 Thread 0x0000026dfacd3d40 Exception <a 'java/lang/ClassNotFoundException'{0x00000000d55b4c00}: sun/net/www/protocol/c/Handler> (0x00000000d55b4c00) 
thrown [s\src\hotspot\share\classfile\systemDictionary.cpp, line 312]
Event: 0.902 Thread 0x0000026dfacd3d40 Exception <a 'java/lang/ClassNotFoundException'{0x00000000d55b5e68}: sun/net/www/protocol/c/Handler> (0x00000000d55b5e68) 
thrown [s\src\hotspot\share\classfile\systemDictionary.cpp, line 312]
Event: 0.908 Thread 0x0000026dfacd3d40 Exception <a 'java/io/FileNotFoundException'{0x00000000d55df3f0}> (0x00000000d55df3f0) 
thrown [s\src\hotspot\share\prims\jni.cpp, line 520]
Event: 0.951 Thread 0x0000026dfacd3d40 Implicit null exception at 0x0000026d87b29e29 to 0x0000026d87b2a69c
Event: 0.951 Thread 0x0000026dfacd3d40 Implicit null exception at 0x0000026d87b2f59a to 0x0000026d87b2f7a4
Event: 0.952 Thread 0x0000026dfacd3d40 Exception <a 'java/lang/NoSuchMethodError'{0x00000000d57cdd60}: 'void java.lang.invoke.DirectMethodHandle$Holder.invokeStatic(java.lang.Object, java.lang.Object, java.lang.Object, java.lang.Object)'> (0x00000000d57cdd60) 
thrown [s\src\hotspot\share\interpreter\linkResolver.cpp, line 773]
Event: 0.953 Thread 0x0000026dfacd3d40 Implicit null exception at 0x0000026d87b2cdbc to 0x0000026d87b2d04c
Event: 0.953 Thread 0x0000026dfacd3d40 Implicit null exception at 0x0000026d87b2b03d to 0x0000026d87b2b0c1
Event: 1.062 Thread 0x0000026dfacd3d40 Exception <a 'java/lang/NoSuchMethodError'{0x00000000d5bf0da0}: 'int java.lang.invoke.DirectMethodHandle$Holder.invokeVirtual(java.lang.Object, java.lang.Object)'> (0x00000000d5bf0da0) 
thrown [s\src\hotspot\share\interpreter\linkResolver.cpp, line 773]
Event: 1.327 Thread 0x0000026dfacd3d40 Exception <a 'java/lang/NoSuchMethodError'{0x00000000d67f23b0}: 'int java.lang.invoke.DirectMethodHandle$Holder.invokeStaticInit(java.lang.Object, java.lang.Object, java.lang.Object, java.lang.Object)'> (0x00000000d67f23b0) 
thrown [s\src\hotspot\share\interpreter\linkResolver.cpp, line 773]
Event: 1.329 Thread 0x0000026dfacd3d40 Exception <a 'java/lang/IncompatibleClassChangeError'{0x00000000d67fa838}: Found class java.lang.Object, but interface was expected> (0x00000000d67fa838) 
thrown [s\src\hotspot\share\interpreter\linkResolver.cpp, line 840]
Event: 1.330 Thread 0x0000026dfacd3d40 Exception <a 'java/lang/NoSuchMethodError'{0x00000000d6800c48}: 'void java.lang.invoke.DirectMethodHandle$Holder.invokeStaticInit(java.lang.Object, java.lang.Object)'> (0x00000000d6800c48) 
thrown [s\src\hotspot\share\interpreter\linkResolver.cpp, line 773]
Event: 1.332 Thread 0x0000026dfacd3d40 Exception <a 'java/lang/NoSuchMethodError'{0x00000000d6809ec0}: 'int java.lang.invoke.DirectMethodHandle$Holder.invokeStaticInit(java.lang.Object, java.lang.Object)'> (0x00000000d6809ec0) 
thrown [s\src\hotspot\share\interpreter\linkResolver.cpp, line 773]
Event: 1.378 Thread 0x0000026dfacd3d40 Exception <a 'java/lang/NoSuchMethodError'{0x00000000d69f4f88}: 'java.lang.Object java.lang.invoke.DirectMethodHandle$Holder.newInvokeSpecial(java.lang.Object, int, java.lang.Object)'> (0x00000000d69f4f88) 
thrown [s\src\hotspot\share\interpreter\linkResolver.cpp, line 773]
Event: 1.411 Thread 0x0000026dfacd3d40 Exception <a 'java/lang/ClassNotFoundException'{0x00000000d6b66a18}: sun/net/www/protocol/plurl/Handler> (0x00000000d6b66a18) 
thrown [s\src\hotspot\share\classfile\systemDictionary.cpp, line 312]
Event: 1.415 Thread 0x0000026dfacd3d40 Exception <a 'java/lang/NoSuchMethodError'{0x00000000d6ba6558}: 'void java.lang.invoke.DirectMethodHandle$Holder.invokeSpecial(java.lang.Object, java.lang.Object, java.lang.Object)'> (0x00000000d6ba6558) 
thrown [s\src\hotspot\share\interpreter\linkResolver.cpp, line 773]

ZGC Phase Switch (0 events):
No events

VM Operations (18 events):
Event: 0.075 Executing VM operation: HandshakeAllThreads (Deoptimize)
Event: 0.075 Executing VM operation: HandshakeAllThreads (Deoptimize) done
Event: 0.138 Executing VM operation: HandshakeAllThreads (Deoptimize)
Event: 0.138 Executing VM operation: HandshakeAllThreads (Deoptimize) done
Event: 0.476 Executing VM operation: HandshakeAllThreads (Deoptimize)
Event: 0.476 Executing VM operation: HandshakeAllThreads (Deoptimize) done
Event: 0.507 Executing VM operation: HandshakeAllThreads (Deoptimize)
Event: 0.507 Executing VM operation: HandshakeAllThreads (Deoptimize) done
Event: 0.818 Executing VM operation: ICBufferFull
Event: 0.818 Executing VM operation: ICBufferFull done
Event: 0.888 Executing VM operation: ParallelGCFailedAllocation (Allocation Failure)
Event: 0.895 Executing VM operation: ParallelGCFailedAllocation (Allocation Failure) done
Event: 1.355 Executing VM operation: HandshakeAllThreads (Deoptimize)
Event: 1.355 Executing VM operation: HandshakeAllThreads (Deoptimize) done
Event: 1.406 Executing VM operation: HandshakeAllThreads (Deoptimize)
Event: 1.406 Executing VM operation: HandshakeAllThreads (Deoptimize) done
Event: 1.549 Executing VM operation: ParallelGCFailedAllocation (Allocation Failure)
Event: 1.553 Executing VM operation: ParallelGCFailedAllocation (Allocation Failure) done

Memory protections (0 events):
No events

Nmethod flushes (0 events):
No events

Events (20 events):
Event: 0.040 Thread 0x0000026dfacd3d40 Thread added: 0x0000026dfac3faa0
Event: 0.041 Thread 0x0000026dfacd3d40 Thread added: 0x0000026dfac42cb0
Event: 0.041 Thread 0x0000026dfacd3d40 Thread added: 0x0000026dfac48c80
Event: 0.041 Thread 0x0000026dfacd3d40 Thread added: 0x0000026dfac49890
Event: 0.041 Thread 0x0000026dfacd3d40 Thread added: 0x0000026dfac50cb0
Event: 0.041 Thread 0x0000026dfacd3d40 Thread added: 0x0000026dfac52220
Event: 0.041 Thread 0x0000026dfacd3d40 Thread added: 0x0000026dfac54de0
Event: 0.064 Thread 0x0000026dfacd3d40 Thread added: 0x0000026dd80ccb90
Event: 0.087 Thread 0x0000026dfac54de0 Thread added: 0x0000026dfac576c0
Event: 0.313 Thread 0x0000026dfacd3d40 Thread added: 0x0000026dd8314dc0
Event: 0.469 Thread 0x0000026dfac54de0 Thread added: 0x0000026dfac554b0
Event: 1.281 Thread 0x0000026dfacd3d40 Thread added: 0x0000026dd8d3c050
Event: 1.283 Thread 0x0000026dd8d3c050 Thread added: 0x0000026dd8d3c6b0
Event: 1.288 Thread 0x0000026dfacd3d40 Thread added: 0x0000026dd860a2b0
Event: 1.290 Thread 0x0000026dfacd3d40 Thread added: 0x0000026dd860f200
Event: 1.292 Thread 0x0000026dfacd3d40 Thread added: 0x0000026dd8a69280
Event: 1.294 Thread 0x0000026dfacd3d40 Thread added: 0x0000026dd8a698e0
Event: 1.340 Thread 0x0000026dfacd3d40 Thread added: 0x0000026dd8dce510
Event: 1.541 Thread 0x0000026dfacd3d40 Thread added: 0x0000026dd8d63620
Event: 1.546 Thread 0x0000026dfacd3d40 Thread added: 0x0000026dd8dcffb0


Dynamic libraries:
0x00007ff737380000 - 0x00007ff73738e000 	c:\Users\Miguel Rabih\.vscode\extensions\redhat.java-1.43.0-win32-x64\jre\21.0.7-win32-x86_64\bin\java.exe
0x00007ffb8ae30000 - 0x00007ffb8b047000 	C:\Windows\SYSTEM32\ntdll.dll
0x00007ffb89370000 - 0x00007ffb89434000 	C:\Windows\System32\KERNEL32.DLL
0x00007ffb87fa0000 - 0x00007ffb88373000 	C:\Windows\System32\KERNELBASE.dll
0x00007ffb888e0000 - 0x00007ffb889f1000 	C:\Windows\System32\ucrtbase.dll
0x00007ffb6f240000 - 0x00007ffb6f25e000 	c:\Users\Miguel Rabih\.vscode\extensions\redhat.java-1.43.0-win32-x64\jre\21.0.7-win32-x86_64\bin\VCRUNTIME140.dll
0x00007ffb7f2b0000 - 0x00007ffb7f2c8000 	c:\Users\Miguel Rabih\.vscode\extensions\redhat.java-1.43.0-win32-x64\jre\21.0.7-win32-x86_64\bin\jli.dll
0x00007ffb89f60000 - 0x00007ffb8a111000 	C:\Windows\System32\USER32.dll
0x00007ffb88610000 - 0x00007ffb88636000 	C:\Windows\System32\win32u.dll
0x00007ffb70f00000 - 0x00007ffb7119b000 	C:\Windows\WinSxS\amd64_microsoft.windows.common-controls_6595b64144ccf1df_6.0.22621.5262_none_2712bde373830908\COMCTL32.dll
0x00007ffb89260000 - 0x00007ffb89289000 	C:\Windows\System32\GDI32.dll
0x00007ffb88d50000 - 0x00007ffb88df7000 	C:\Windows\System32\msvcrt.dll
0x00007ffb887b0000 - 0x00007ffb888d2000 	C:\Windows\System32\gdi32full.dll
0x00007ffb88570000 - 0x00007ffb8860a000 	C:\Windows\System32\msvcp_win.dll
0x00007ffb89eb0000 - 0x00007ffb89ee1000 	C:\Windows\System32\IMM32.DLL
0x00007ffb81f30000 - 0x00007ffb81f3c000 	c:\Users\Miguel Rabih\.vscode\extensions\redhat.java-1.43.0-win32-x64\jre\21.0.7-win32-x86_64\bin\vcruntime140_1.dll
0x00007ffb5ae70000 - 0x00007ffb5aefd000 	c:\Users\Miguel Rabih\.vscode\extensions\redhat.java-1.43.0-win32-x64\jre\21.0.7-win32-x86_64\bin\msvcp140.dll
0x00007ffb2d360000 - 0x00007ffb2e0f0000 	c:\Users\Miguel Rabih\.vscode\extensions\redhat.java-1.43.0-win32-x64\jre\21.0.7-win32-x86_64\bin\server\jvm.dll
0x00007ffb89440000 - 0x00007ffb894f1000 	C:\Windows\System32\ADVAPI32.dll
0x00007ffb89290000 - 0x00007ffb89337000 	C:\Windows\System32\sechost.dll
0x00007ffb88640000 - 0x00007ffb88668000 	C:\Windows\System32\bcrypt.dll
0x00007ffb89d90000 - 0x00007ffb89ea4000 	C:\Windows\System32\RPCRT4.dll
0x00007ffb88b40000 - 0x00007ffb88bb1000 	C:\Windows\System32\WS2_32.dll
0x00007ffb87b90000 - 0x00007ffb87bdd000 	C:\Windows\SYSTEM32\POWRPROF.dll
0x00007ffb7e300000 - 0x00007ffb7e30a000 	C:\Windows\SYSTEM32\VERSION.dll
0x00007ffb832b0000 - 0x00007ffb832e4000 	C:\Windows\SYSTEM32\WINMM.dll
0x00007ffb87b70000 - 0x00007ffb87b83000 	C:\Windows\SYSTEM32\UMPDC.dll
0x00007ffb86f40000 - 0x00007ffb86f58000 	C:\Windows\SYSTEM32\kernel.appcore.dll
0x00007ffb6f100000 - 0x00007ffb6f10a000 	c:\Users\Miguel Rabih\.vscode\extensions\redhat.java-1.43.0-win32-x64\jre\21.0.7-win32-x86_64\bin\jimage.dll
0x00007ffb85850000 - 0x00007ffb85a82000 	C:\Windows\SYSTEM32\DBGHELP.DLL
0x00007ffb88e00000 - 0x00007ffb89193000 	C:\Windows\System32\combase.dll
0x00007ffb88bc0000 - 0x00007ffb88c97000 	C:\Windows\System32\OLEAUT32.dll
0x00007ffb6c8c0000 - 0x00007ffb6c8f2000 	C:\Windows\SYSTEM32\dbgcore.DLL
0x00007ffb884f0000 - 0x00007ffb8856b000 	C:\Windows\System32\bcryptPrimitives.dll
0x00007ffb6b240000 - 0x00007ffb6b24f000 	c:\Users\Miguel Rabih\.vscode\extensions\redhat.java-1.43.0-win32-x64\jre\21.0.7-win32-x86_64\bin\instrument.dll
0x00007ffb6ae90000 - 0x00007ffb6aeaf000 	c:\Users\Miguel Rabih\.vscode\extensions\redhat.java-1.43.0-win32-x64\jre\21.0.7-win32-x86_64\bin\java.dll
0x00007ffb8a380000 - 0x00007ffb8ac1d000 	C:\Windows\System32\SHELL32.dll
0x00007ffb88670000 - 0x00007ffb887af000 	C:\Windows\System32\wintypes.dll
0x00007ffb85e10000 - 0x00007ffb8672d000 	C:\Windows\SYSTEM32\windows.storage.dll
0x00007ffb89660000 - 0x00007ffb8976b000 	C:\Windows\System32\SHCORE.dll
0x00007ffb89ef0000 - 0x00007ffb89f56000 	C:\Windows\System32\shlwapi.dll
0x00007ffb87e50000 - 0x00007ffb87e7b000 	C:\Windows\SYSTEM32\profapi.dll
0x00007ffb5eab0000 - 0x00007ffb5eac8000 	c:\Users\Miguel Rabih\.vscode\extensions\redhat.java-1.43.0-win32-x64\jre\21.0.7-win32-x86_64\bin\zip.dll
0x00007ffb68400000 - 0x00007ffb68410000 	C:\Users\Miguel Rabih\.vscode\extensions\redhat.java-1.43.0-win32-x64\jre\21.0.7-win32-x86_64\bin\net.dll
0x00007ffb846a0000 - 0x00007ffb847cc000 	C:\Windows\SYSTEM32\WINHTTP.dll
0x00007ffb873e0000 - 0x00007ffb8744a000 	C:\Windows\system32\mswsock.dll
0x00007ffb5e410000 - 0x00007ffb5e426000 	C:\Users\Miguel Rabih\.vscode\extensions\redhat.java-1.43.0-win32-x64\jre\21.0.7-win32-x86_64\bin\nio.dll
0x00007ffb681e0000 - 0x00007ffb681f0000 	c:\Users\Miguel Rabih\.vscode\extensions\redhat.java-1.43.0-win32-x64\jre\21.0.7-win32-x86_64\bin\verify.dll

dbghelp: loaded successfully - version: 4.0.5 - missing functions: none
symbol engine: initialized successfully - sym options: 0x614 - pdb path: .;c:\Users\Miguel Rabih\.vscode\extensions\redhat.java-1.43.0-win32-x64\jre\21.0.7-win32-x86_64\bin;C:\Windows\SYSTEM32;C:\Windows\WinSxS\amd64_microsoft.windows.common-controls_6595b64144ccf1df_6.0.22621.5262_none_2712bde373830908;c:\Users\Miguel Rabih\.vscode\extensions\redhat.java-1.43.0-win32-x64\jre\21.0.7-win32-x86_64\bin\server

VM Arguments:
jvm_args: --add-modules=ALL-SYSTEM --add-opens=java.base/java.util=ALL-UNNAMED --add-opens=java.base/java.lang=ALL-UNNAMED --add-opens=java.base/sun.nio.fs=ALL-UNNAMED -Declipse.application=org.eclipse.jdt.ls.core.id1 -Dosgi.bundles.defaultStartLevel=4 -Declipse.product=org.eclipse.jdt.ls.core.product -Djava.import.generatesMetadataFilesAtProjectRoot=false -DDetectVMInstallationsJob.disabled=true -Dfile.encoding=utf8 -XX:+UseParallelGC -XX:GCTimeRatio=4 -XX:AdaptiveSizePolicyWeight=90 -Dsun.zip.disableMemoryMapping=true -Xmx2G -Xms100m -Xlog:disable -javaagent:c:\Users\Miguel Rabih\.vscode\extensions\redhat.java-1.43.0-win32-x64\lombok\lombok-1.18.39-4050.jar -XX:+HeapDumpOnOutOfMemoryError -XX:HeapDumpPath=c:\Users\Miguel Rabih\AppData\Roaming\Code\User\workspaceStorage\2e46618f7a6ea3a8ced0a60350da7f92\redhat.java -Daether.dependencyCollector.impl=bf 
java_command: c:\Users\Miguel Rabih\.vscode\extensions\redhat.java-1.43.0-win32-x64\server\plugins\org.eclipse.equinox.launcher_1.7.0.v20250519-0528.jar -configuration c:\Users\Miguel Rabih\AppData\Roaming\Code\User\globalStorage\redhat.java\1.43.0\config_win -data c:\Users\Miguel Rabih\AppData\Roaming\Code\User\workspaceStorage\2e46618f7a6ea3a8ced0a60350da7f92\redhat.java\jdt_ws --pipe=\\.\pipe\lsp-4dd782284523249c8e926bb28c15f78b-sock
java_class_path (initial): c:\Users\Miguel Rabih\.vscode\extensions\redhat.java-1.43.0-win32-x64\server\plugins\org.eclipse.equinox.launcher_1.7.0.v20250519-0528.jar
Launcher Type: SUN_STANDARD

[Global flags]
    uintx AdaptiveSizePolicyWeight                 = 90                                        {product} {command line}
     intx CICompilerCount                          = 4                                         {product} {ergonomic}
    uintx GCTimeRatio                              = 4                                         {product} {command line}
     bool HeapDumpOnOutOfMemoryError               = true                                   {manageable} {command line}
    ccstr HeapDumpPath                             = c:\Users\Miguel Rabih\AppData\Roaming\Code\User\workspaceStorage\2e46618f7a6ea3a8ced0a60350da7f92\redhat.java         {manageable} {command line}
   size_t InitialHeapSize                          = 104857600                                 {product} {command line}
   size_t MaxHeapSize                              = 2147483648                                {product} {command line}
   size_t MaxNewSize                               = 715653120                                 {product} {ergonomic}
   size_t MinHeapDeltaBytes                        = 524288                                    {product} {ergonomic}
   size_t MinHeapSize                              = 104857600                                 {product} {command line}
   size_t NewSize                                  = 34603008                                  {product} {ergonomic}
    uintx NonNMethodCodeHeapSize                   = 5839372                                {pd product} {ergonomic}
    uintx NonProfiledCodeHeapSize                  = 122909434                              {pd product} {ergonomic}
   size_t OldSize                                  = 70254592                                  {product} {ergonomic}
    uintx ProfiledCodeHeapSize                     = 122909434                              {pd product} {ergonomic}
    uintx ReservedCodeCacheSize                    = 251658240                              {pd product} {ergonomic}
     bool SegmentedCodeCache                       = true                                      {product} {ergonomic}
   size_t SoftMaxHeapSize                          = 2147483648                             {manageable} {ergonomic}
     bool UseCompressedOops                        = true                           {product lp64_product} {ergonomic}
     bool UseLargePagesIndividualAllocation        = false                                  {pd product} {ergonomic}
     bool UseParallelGC                            = true                                      {product} {command line}

Logging:
Log output configuration:
 #0: stdout all=off uptime,level,tags foldmultilines=false
 #1: stderr all=off uptime,level,tags foldmultilines=false

Environment Variables:
PATH=C:\Program Files\Common Files\Oracle\Java\javapath;C:\Windows\system32;C:\Windows;C:\Windows\System32\Wbem;C:\Windows\System32\WindowsPowerShell\v1.0\;C:\Windows\System32\OpenSSH\;C:\flutter\flutter\bin;C:\Program Files\nodejs\;C:\xampp1\phpMyAdmin\vendor\composer;C:\xampp1\php\Project_php\ControlHabitos\habitos\vendor\laravel\tinker\tests\fixtures\vendor\composer\autoload_classmap.php;C:\xampp1\php;C:\xampp1\mysql\bin;C:\xampp1\phpMyAdmin\vendor\composer;C:\ProgramData\ComposerSetup\bin;C:\Program Files\Git\cmd;C:\Program Files (x86)\Windows Kits\10\Windows Performance Toolkit\;C:\Program Files\Eclipse Adoptium\jdk-17.0.15.6-hotspot\bin;C:\Program Files\apache-maven-3.9.9\bin;C:\Program Files\PostgreSQL\17\bin;C:\flutter\flutter\bin;C:\Users\Miguel Rabih\AppData\Local\Microsoft\WindowsApps;C:\Users\Miguel Rabih\AppData\Local\Programs\Microsoft VS Code\bin;C:\Program Files\JetBrains\IntelliJ IDEA 2024.2.4\bin;;C:\Users\Miguel Rabih\AppData\Local\GitHubDesktop\bin;C:\flutter;C:\Users\Miguel Rabih\AppData\Roaming\npm;C:\Program Files\MongoDB\Server\7.0\bin;C:\Users\Miguel Rabih\AppData\Roaming\Composer\vendor\bin;C:\xampp1\php;C:\xampp1\phpMyAdmin\vendor\composer;C:\ProgramData\ComposerSetup\bin;C:\Program Files (x86)\ComposerSetup;C:\Program Files\apache-maven-3.9.9\bin;
USERNAME=Miguel Rabih
OS=Windows_NT
PROCESSOR_IDENTIFIER=AMD64 Family 23 Model 160 Stepping 0, AuthenticAMD
TMP=C:\Users\MIGUEL~1\AppData\Local\Temp
TEMP=C:\Users\MIGUEL~1\AppData\Local\Temp




Periodic native trim disabled

---------------  S Y S T E M  ---------------

OS:
 Windows 11 , 64 bit Build 22621 (10.0.22621.5262)
OS uptime: 23 days 13:01 hours
Hyper-V role detected

CPU: total 8 (initial active 8) (8 cores per cpu, 2 threads per core) family 23 model 160 stepping 0 microcode 0x0, cx8, cmov, fxsr, ht, mmx, 3dnowpref, sse, sse2, sse3, ssse3, sse4a, sse4.1, sse4.2, popcnt, lzcnt, tsc, tscinvbit, avx, avx2, aes, clmul, bmi1, bmi2, adx, sha, fma, vzeroupper, clflush, clflushopt, hv, rdtscp, rdpid, f16c
Processor Information for the first 8 processors :
  Max Mhz: 2801, Current Mhz: 2801, Mhz Limit: 2801

Memory: 4k page, system-wide physical 5965M (584M free)
TotalPageFile size 24397M (AvailPageFile size 2M)
current process WorkingSet (physical memory assigned to process): 96M, peak: 96M
current process commit charge ("private bytes"): 244M, peak: 245M

vm_info: OpenJDK 64-Bit Server VM (21.0.7+6-LTS) for windows-amd64 JRE (21.0.7+6-LTS), built on 2025-04-15T00:00:00Z by "admin" with MS VC++ 17.7 (VS2022)

END.
